#
# There is insufficient memory for the Java Runtime Environment to continue.
# Native memory allocation (malloc) failed to allocate 229456 bytes for Chunk::new
# Possible reasons:
#   The system is out of physical RAM or swap space
#   The process is running with CompressedOops enabled, and the Java Heap may be blocking the growth of the native heap
# Possible solutions:
#   Reduce memory load on the system
#   Increase physical memory or swap space
#   Check if swap backing store is full
#   Decrease Java heap size (-Xmx/-Xms)
#   Decrease number of Java threads
#   Decrease Java thread stack sizes (-Xss)
#   Set larger code cache with -XX:ReservedCodeCacheSize=
#   JVM is running with Unscaled Compressed Oops mode in which the Java heap is
#     placed in the first 4GB address space. The Java Heap base address is the
#     maximum limit for the native heap growth. Please use -XX:HeapBaseMinAddress
#     to set the Java Heap base and to place the Java Heap above 4GB virtual address.
# This output file may be truncated or incomplete.
#
#  Out of Memory Error (arena.cpp:168), pid=26880, tid=20720
#
# JRE version: Java(TM) SE Runtime Environment (21.0.2+13) (build 21.0.2+13-LTS-58)
# Java VM: Java HotSpot(TM) 64-Bit Server VM (21.0.2+13-LTS-58, mixed mode, sharing, tiered, compressed oops, compressed class ptrs, g1 gc, windows-amd64)
# No core dump will be written. Minidumps are not enabled by default on client versions of Windows
#

---------------  S U M M A R Y ------------

Command Line: --add-opens=java.base/java.util=ALL-UNNAMED --add-opens=java.base/java.lang=ALL-UNNAMED --add-opens=java.base/java.lang.invoke=ALL-UNNAMED --add-opens=java.prefs/java.util.prefs=ALL-UNNAMED --add-opens=java.base/java.nio.charset=ALL-UNNAMED --add-opens=java.base/java.net=ALL-UNNAMED --add-opens=java.base/java.util.concurrent.atomic=ALL-UNNAMED -XX:MaxMetaspaceSize=384m -XX:+HeapDumpOnOutOfMemoryError -Xms256m -Xmx512m -Dfile.encoding=windows-1252 -Duser.country=ID -Duser.language=en -Duser.variant -javaagent:C:\Users\Wibowo\.gradle\wrapper\dists\gradle-8.5-bin\5t9huq95ubn472n8rpzujfbqh\gradle-8.5\lib\agents\gradle-instrumentation-agent-8.5.jar org.gradle.launcher.daemon.bootstrap.GradleDaemon 8.5

Host: AMD Ryzen 5 5500U with Radeon Graphics         , 12 cores, 5G,  Windows 11 , 64 bit Build 22621 (10.0.22621.3527)
Time: Wed May  8 03:17:56 2024 SE Asia Standard Time elapsed time: 1034.158998 seconds (0d 0h 17m 14s)

---------------  T H R E A D  ---------------

Current thread (0x00000296d8cfd740):  JavaThread "C2 CompilerThread0" daemon [_thread_in_native, id=20720, stack(0x0000009b9d900000,0x0000009b9da00000) (1024K)]


Current CompileTask:
C2:1034177 9769       4       java.util.HashMap$ValueSpliterator::forEachRemaining (186 bytes)

Stack: [0x0000009b9d900000,0x0000009b9da00000]
Native frames: (J=compiled Java code, j=interpreted, Vv=VM code, C=native code)
V  [jvm.dll+0x6cade9]
V  [jvm.dll+0x8569c1]
V  [jvm.dll+0x858d2e]
V  [jvm.dll+0x859413]
V  [jvm.dll+0x280e56]
V  [jvm.dll+0xc3f3d]
V  [jvm.dll+0xc4473]
V  [jvm.dll+0x3b5bf2]
V  [jvm.dll+0x382855]
V  [jvm.dll+0x381cca]
V  [jvm.dll+0x249bd0]
V  [jvm.dll+0x2491b1]
V  [jvm.dll+0x1c9634]
V  [jvm.dll+0x258859]
V  [jvm.dll+0x256e3a]
V  [jvm.dll+0x3ef6c6]
V  [jvm.dll+0x7ff568]
V  [jvm.dll+0x6c953d]
C  [ucrtbase.dll+0x29333]
C  [KERNEL32.DLL+0x1257d]
C  [ntdll.dll+0x5aa48]


---------------  P R O C E S S  ---------------

Threads class SMR info:
_java_thread_list=0x00000296f5c11030, length=88, elements={
0x00000296bbd6b3e0, 0x00000296d8cf1a20, 0x00000296d8cf2680, 0x00000296d8cf7200,
0x00000296d8cf7c60, 0x00000296d8cf87f0, 0x00000296d8cf9380, 0x00000296d8cfd740,
0x00000296f2005590, 0x00000296f20d22b0, 0x00000296f21ef480, 0x00000296f3607620,
0x00000296f3606900, 0x00000296f3606f90, 0x00000296f3a66a20, 0x00000296f3a635a0,
0x00000296f3a63c30, 0x00000296f3a642c0, 0x00000296f3a621f0, 0x00000296f3a62f10,
0x00000296f3a64950, 0x00000296f3cde9f0, 0x00000296f3ce0ac0, 0x00000296f3cda850,
0x00000296f3ce1e70, 0x00000296f3cdcfb0, 0x00000296f3cdaee0, 0x00000296f3cdb570,
0x00000296f3cdbc00, 0x00000296f3ce17e0, 0x00000296f3cdc290, 0x00000296f3cdc920,
0x00000296f530dc50, 0x00000296f530ae60, 0x00000296f530a140, 0x00000296f5311760,
0x00000296f7dc4ad0, 0x00000296f7526260, 0x00000296f750fd40, 0x00000296f7511e10,
0x00000296f7510a60, 0x00000296f530e2e0, 0x00000296f530cf30, 0x00000296f530e970,
0x00000296f530fd20, 0x00000296f53103b0, 0x00000296f530c210, 0x00000296f530c8a0,
0x00000296f5310a40, 0x00000296f53110d0, 0x00000296f530d5c0, 0x00000296f530bb80,
0x00000296f530f000, 0x00000296f530f690, 0x00000296f530a7d0, 0x00000296f7dc5e80,
0x00000296f7dc4440, 0x00000296f7dc3db0, 0x00000296f7dc6ba0, 0x00000296f7dc5160,
0x00000296f7dc85e0, 0x00000296f7dca6b0, 0x00000296f7dc9990, 0x00000296f7dc57f0,
0x00000296f7dc7230, 0x00000296f7dc9300, 0x00000296f7dca020, 0x00000296f7dc78c0,
0x00000296f7dc6510, 0x00000296f7dc7f50, 0x00000296f7dcad40, 0x00000296f7dcb3d0,
0x00000296f75110f0, 0x00000296f7515290, 0x00000296f7515920, 0x00000296f7511780,
0x00000296f7515fb0, 0x00000296f75124a0, 0x00000296f750f020, 0x00000296f7512b30,
0x00000296f75131c0, 0x00000296f7513850, 0x00000296f75103d0, 0x00000296f7516640,
0x00000296f7513ee0, 0x00000296f750f6b0, 0x00000296f7514570, 0x00000296f7514c00
}

Java Threads: ( => current thread )
  0x00000296bbd6b3e0 JavaThread "main"                              [_thread_blocked, id=32880, stack(0x0000009b9cb00000,0x0000009b9cc00000) (1024K)]
  0x00000296d8cf1a20 JavaThread "Reference Handler"          daemon [_thread_blocked, id=24248, stack(0x0000009b9d300000,0x0000009b9d400000) (1024K)]
  0x00000296d8cf2680 JavaThread "Finalizer"                  daemon [_thread_blocked, id=21668, stack(0x0000009b9d400000,0x0000009b9d500000) (1024K)]
  0x00000296d8cf7200 JavaThread "Signal Dispatcher"          daemon [_thread_blocked, id=10928, stack(0x0000009b9d500000,0x0000009b9d600000) (1024K)]
  0x00000296d8cf7c60 JavaThread "Attach Listener"            daemon [_thread_blocked, id=6476, stack(0x0000009b9d600000,0x0000009b9d700000) (1024K)]
  0x00000296d8cf87f0 JavaThread "Service Thread"             daemon [_thread_blocked, id=14092, stack(0x0000009b9d700000,0x0000009b9d800000) (1024K)]
  0x00000296d8cf9380 JavaThread "Monitor Deflation Thread"   daemon [_thread_blocked, id=31308, stack(0x0000009b9d800000,0x0000009b9d900000) (1024K)]
=>0x00000296d8cfd740 JavaThread "C2 CompilerThread0"         daemon [_thread_in_native, id=20720, stack(0x0000009b9d900000,0x0000009b9da00000) (1024K)]
  0x00000296f2005590 JavaThread "C1 CompilerThread0"         daemon [_thread_blocked, id=16832, stack(0x0000009b9da00000,0x0000009b9db00000) (1024K)]
  0x00000296f20d22b0 JavaThread "Common-Cleaner"             daemon [_thread_blocked, id=28116, stack(0x0000009b9db00000,0x0000009b9dc00000) (1024K)]
  0x00000296f21ef480 JavaThread "Notification Thread"        daemon [_thread_blocked, id=22472, stack(0x0000009b9dc00000,0x0000009b9dd00000) (1024K)]
  0x00000296f3607620 JavaThread "Daemon health stats"               [_thread_blocked, id=32308, stack(0x0000009b9e300000,0x0000009b9e400000) (1024K)]
  0x00000296f3606900 JavaThread "Incoming local TCP Connector on port 54625"        [_thread_in_native, id=23632, stack(0x0000009b9dd00000,0x0000009b9de00000) (1024K)]
  0x00000296f3606f90 JavaThread "Daemon periodic checks"            [_thread_blocked, id=28700, stack(0x0000009b9e400000,0x0000009b9e500000) (1024K)]
  0x00000296f3a66a20 JavaThread "Daemon"                            [_thread_blocked, id=11708, stack(0x0000009b9e500000,0x0000009b9e600000) (1024K)]
  0x00000296f3a635a0 JavaThread "Daemon worker"                     [_thread_blocked, id=10188, stack(0x0000009b9e800000,0x0000009b9e900000) (1024K)]
  0x00000296f3a63c30 JavaThread "Cache worker for journal cache (C:\Users\Wibowo\.gradle\caches\journal-1)"        [_thread_blocked, id=13952, stack(0x0000009b9ec00000,0x0000009b9ed00000) (1024K)]
  0x00000296f3a642c0 JavaThread "File lock request listener"        [_thread_in_native, id=26672, stack(0x0000009b9ed00000,0x0000009b9ee00000) (1024K)]
  0x00000296f3a621f0 JavaThread "Cache worker for file hash cache (C:\Users\Wibowo\.gradle\caches\8.5\fileHashes)"        [_thread_blocked, id=32920, stack(0x0000009b9ef00000,0x0000009b9f000000) (1024K)]
  0x00000296f3a62f10 JavaThread "File watcher server"        daemon [_thread_in_native, id=33532, stack(0x0000009b9f600000,0x0000009b9f700000) (1024K)]
  0x00000296f3a64950 JavaThread "File watcher consumer"      daemon [_thread_blocked, id=25896, stack(0x0000009b9f700000,0x0000009b9f800000) (1024K)]
  0x00000296f3cde9f0 JavaThread "Cache worker for file content cache (C:\Users\Wibowo\.gradle\caches\8.5\fileContent)"        [_thread_blocked, id=22344, stack(0x0000009b9fc00000,0x0000009b9fd00000) (1024K)]
  0x00000296f3ce0ac0 JavaThread "Cache worker for execution history cache (C:\Users\Wibowo\.gradle\caches\8.5\executionHistory)"        [_thread_blocked, id=12940, stack(0x0000009b9fd00000,0x0000009b9fe00000) (1024K)]
  0x00000296f3cda850 JavaThread "jar transforms"                    [_thread_blocked, id=20244, stack(0x0000009b9fe00000,0x0000009b9ff00000) (1024K)]
  0x00000296f3ce1e70 JavaThread "jar transforms Thread 2"           [_thread_blocked, id=33036, stack(0x0000009b9ff00000,0x0000009ba0000000) (1024K)]
  0x00000296f3cdcfb0 JavaThread "jar transforms Thread 3"           [_thread_blocked, id=33688, stack(0x0000009ba0100000,0x0000009ba0200000) (1024K)]
  0x00000296f3cdaee0 JavaThread "jar transforms Thread 4"           [_thread_blocked, id=15724, stack(0x0000009ba0200000,0x0000009ba0300000) (1024K)]
  0x00000296f3cdb570 JavaThread "jar transforms Thread 5"           [_thread_blocked, id=12980, stack(0x0000009ba0300000,0x0000009ba0400000) (1024K)]
  0x00000296f3cdbc00 JavaThread "jar transforms Thread 6"           [_thread_blocked, id=31088, stack(0x0000009ba0400000,0x0000009ba0500000) (1024K)]
  0x00000296f3ce17e0 JavaThread "jar transforms Thread 7"           [_thread_blocked, id=3512, stack(0x0000009ba0500000,0x0000009ba0600000) (1024K)]
  0x00000296f3cdc290 JavaThread "jar transforms Thread 8"           [_thread_blocked, id=6176, stack(0x0000009ba0600000,0x0000009ba0700000) (1024K)]
  0x00000296f3cdc920 JavaThread "jar transforms Thread 9"           [_thread_blocked, id=22092, stack(0x0000009ba0800000,0x0000009ba0900000) (1024K)]
  0x00000296f530dc50 JavaThread "jar transforms Thread 10"          [_thread_blocked, id=18300, stack(0x0000009ba1500000,0x0000009ba1600000) (1024K)]
  0x00000296f530ae60 JavaThread "jar transforms Thread 11"          [_thread_blocked, id=5080, stack(0x0000009ba1600000,0x0000009ba1700000) (1024K)]
  0x00000296f530a140 JavaThread "jar transforms Thread 12"          [_thread_blocked, id=19004, stack(0x0000009ba1700000,0x0000009ba1800000) (1024K)]
  0x00000296f5311760 JavaThread "Memory manager"                    [_thread_blocked, id=15344, stack(0x0000009ba1800000,0x0000009ba1900000) (1024K)]
  0x00000296f7dc4ad0 JavaThread "Cache worker for Java compile cache (C:\Users\Wibowo\.gradle\caches\8.5\javaCompile)"        [_thread_blocked, id=9028, stack(0x0000009ba3100000,0x0000009ba3200000) (1024K)]
  0x00000296f7526260 JavaThread "Exec process"                      [_thread_in_native, id=32960, stack(0x0000009ba3d00000,0x0000009ba3e00000) (1024K)]
  0x00000296f750fd40 JavaThread "Exec process Thread 2"             [_thread_blocked, id=15640, stack(0x0000009ba3f00000,0x0000009ba4000000) (1024K)]
  0x00000296f7511e10 JavaThread "Exec process Thread 3"             [_thread_in_native, id=18976, stack(0x0000009ba4000000,0x0000009ba4100000) (1024K)]
  0x00000296f7510a60 JavaThread "Exec process Thread 4"             [_thread_in_native, id=31124, stack(0x0000009ba4100000,0x0000009ba4200000) (1024K)]
  0x00000296f530e2e0 JavaThread "Handler for socket connection from /127.0.0.1:54625 to /127.0.0.1:54630"        [_thread_in_native, id=32464, stack(0x0000009b9e600000,0x0000009b9e700000) (1024K)]
  0x00000296f530cf30 JavaThread "Cancel handler"                    [_thread_blocked, id=31524, stack(0x0000009b9e700000,0x0000009b9e800000) (1024K)]
  0x00000296f530e970 JavaThread "Asynchronous log dispatcher for DefaultDaemonConnection: socket connection from /127.0.0.1:54625 to /127.0.0.1:54630"        [_thread_blocked, id=31040, stack(0x0000009b9e900000,0x0000009b9ea00000) (1024K)]
  0x00000296f530fd20 JavaThread "Stdin handler"                     [_thread_blocked, id=26612, stack(0x0000009b9ea00000,0x0000009b9eb00000) (1024K)]
  0x00000296f53103b0 JavaThread "Daemon client event forwarder"        [_thread_blocked, id=30180, stack(0x0000009b9eb00000,0x0000009b9ec00000) (1024K)]
  0x00000296f530c210 JavaThread "Cache worker for checksums cache (C:\Users\Wibowo\OneDrive\Dokumen\Kuliah\Semester 4\PBO\Early2\SimpleWebServer\.gradle\8.5\checksums)"        [_thread_blocked, id=5216, stack(0x0000009b9f800000,0x0000009b9f900000) (1024K)]
  0x00000296f530c8a0 JavaThread "Cache worker for file hash cache (C:\Users\Wibowo\OneDrive\Dokumen\Kuliah\Semester 4\PBO\Early2\SimpleWebServer\.gradle\8.5\fileHashes)"        [_thread_blocked, id=13900, stack(0x0000009b9f900000,0x0000009b9fa00000) (1024K)]
  0x00000296f5310a40 JavaThread "Cache worker for cache directory md-supplier (C:\Users\Wibowo\.gradle\caches\8.5\md-supplier)"        [_thread_blocked, id=24820, stack(0x0000009b9fa00000,0x0000009b9fb00000) (1024K)]
  0x00000296f53110d0 JavaThread "Cache worker for cache directory md-rule (C:\Users\Wibowo\.gradle\caches\8.5\md-rule)"        [_thread_blocked, id=33268, stack(0x0000009b9fb00000,0x0000009b9fc00000) (1024K)]
  0x00000296f530d5c0 JavaThread "Cache worker for dependencies-accessors (C:\Users\Wibowo\OneDrive\Dokumen\Kuliah\Semester 4\PBO\Early2\SimpleWebServer\.gradle\8.5\dependencies-accessors)"        [_thread_blocked, id=24112, stack(0x0000009ba0000000,0x0000009ba0100000) (1024K)]
  0x00000296f530bb80 JavaThread "Cache worker for Build Output Cleanup Cache (C:\Users\Wibowo\OneDrive\Dokumen\Kuliah\Semester 4\PBO\Early2\SimpleWebServer\.gradle\buildOutputCleanup)"        [_thread_blocked, id=33580, stack(0x0000009ba0700000,0x0000009ba0800000) (1024K)]
  0x00000296f530f000 JavaThread "Unconstrained build operations"        [_thread_blocked, id=10320, stack(0x0000009ba0900000,0x0000009ba0a00000) (1024K)]
  0x00000296f530f690 JavaThread "Unconstrained build operations Thread 2"        [_thread_blocked, id=5592, stack(0x0000009ba0a00000,0x0000009ba0b00000) (1024K)]
  0x00000296f530a7d0 JavaThread "Unconstrained build operations Thread 3"        [_thread_blocked, id=32472, stack(0x0000009ba0b00000,0x0000009ba0c00000) (1024K)]
  0x00000296f7dc5e80 JavaThread "Unconstrained build operations Thread 4"        [_thread_blocked, id=33384, stack(0x0000009ba0c00000,0x0000009ba0d00000) (1024K)]
  0x00000296f7dc4440 JavaThread "Unconstrained build operations Thread 5"        [_thread_blocked, id=29704, stack(0x0000009ba0d00000,0x0000009ba0e00000) (1024K)]
  0x00000296f7dc3db0 JavaThread "Unconstrained build operations Thread 6"        [_thread_blocked, id=12196, stack(0x0000009ba0e00000,0x0000009ba0f00000) (1024K)]
  0x00000296f7dc6ba0 JavaThread "Unconstrained build operations Thread 7"        [_thread_blocked, id=4524, stack(0x0000009ba0f00000,0x0000009ba1000000) (1024K)]
  0x00000296f7dc5160 JavaThread "Unconstrained build operations Thread 8"        [_thread_blocked, id=18620, stack(0x0000009ba1000000,0x0000009ba1100000) (1024K)]
  0x00000296f7dc85e0 JavaThread "Unconstrained build operations Thread 9"        [_thread_blocked, id=24996, stack(0x0000009ba1100000,0x0000009ba1200000) (1024K)]
  0x00000296f7dca6b0 JavaThread "Unconstrained build operations Thread 10"        [_thread_blocked, id=24252, stack(0x0000009ba1200000,0x0000009ba1300000) (1024K)]
  0x00000296f7dc9990 JavaThread "Unconstrained build operations Thread 11"        [_thread_blocked, id=11428, stack(0x0000009ba1400000,0x0000009ba1500000) (1024K)]
  0x00000296f7dc57f0 JavaThread "included builds"                   [_thread_blocked, id=32228, stack(0x0000009ba1a00000,0x0000009ba1b00000) (1024K)]
  0x00000296f7dc7230 JavaThread "Execution worker"                  [_thread_blocked, id=7644, stack(0x0000009ba1b00000,0x0000009ba1c00000) (1024K)]
  0x00000296f7dc9300 JavaThread "Execution worker Thread 2"         [_thread_blocked, id=32124, stack(0x0000009ba1c00000,0x0000009ba1d00000) (1024K)]
  0x00000296f7dca020 JavaThread "Execution worker Thread 3"         [_thread_blocked, id=21368, stack(0x0000009ba1d00000,0x0000009ba1e00000) (1024K)]
  0x00000296f7dc78c0 JavaThread "Execution worker Thread 4"         [_thread_blocked, id=31968, stack(0x0000009ba1e00000,0x0000009ba1f00000) (1024K)]
  0x00000296f7dc6510 JavaThread "Execution worker Thread 5"         [_thread_blocked, id=8932, stack(0x0000009ba1f00000,0x0000009ba2000000) (1024K)]
  0x00000296f7dc7f50 JavaThread "Execution worker Thread 6"         [_thread_blocked, id=29220, stack(0x0000009ba2000000,0x0000009ba2100000) (1024K)]
  0x00000296f7dcad40 JavaThread "Execution worker Thread 7"         [_thread_blocked, id=1864, stack(0x0000009ba2100000,0x0000009ba2200000) (1024K)]
  0x00000296f7dcb3d0 JavaThread "Execution worker Thread 8"         [_thread_blocked, id=28996, stack(0x0000009ba2200000,0x0000009ba2300000) (1024K)]
  0x00000296f75110f0 JavaThread "Execution worker Thread 9"         [_thread_blocked, id=12280, stack(0x0000009ba2300000,0x0000009ba2400000) (1024K)]
  0x00000296f7515290 JavaThread "Execution worker Thread 10"        [_thread_blocked, id=25488, stack(0x0000009ba2400000,0x0000009ba2500000) (1024K)]
  0x00000296f7515920 JavaThread "Execution worker Thread 11"        [_thread_blocked, id=22756, stack(0x0000009ba2500000,0x0000009ba2600000) (1024K)]
  0x00000296f7511780 JavaThread "Cache worker for execution history cache (C:\Users\Wibowo\OneDrive\Dokumen\Kuliah\Semester 4\PBO\Early2\SimpleWebServer\.gradle\8.5\executionHistory)"        [_thread_blocked, id=9924, stack(0x0000009ba2600000,0x0000009ba2700000) (1024K)]
  0x00000296f7515fb0 JavaThread "Unconstrained build operations Thread 12"        [_thread_blocked, id=32164, stack(0x0000009ba2700000,0x0000009ba2800000) (1024K)]
  0x00000296f75124a0 JavaThread "Unconstrained build operations Thread 13"        [_thread_blocked, id=29852, stack(0x0000009ba2800000,0x0000009ba2900000) (1024K)]
  0x00000296f750f020 JavaThread "Unconstrained build operations Thread 14"        [_thread_blocked, id=9144, stack(0x0000009ba2900000,0x0000009ba2a00000) (1024K)]
  0x00000296f7512b30 JavaThread "Unconstrained build operations Thread 15"        [_thread_blocked, id=20236, stack(0x0000009ba2a00000,0x0000009ba2b00000) (1024K)]
  0x00000296f75131c0 JavaThread "Unconstrained build operations Thread 16"        [_thread_blocked, id=30472, stack(0x0000009ba2b00000,0x0000009ba2c00000) (1024K)]
  0x00000296f7513850 JavaThread "Unconstrained build operations Thread 17"        [_thread_blocked, id=24556, stack(0x0000009ba2c00000,0x0000009ba2d00000) (1024K)]
  0x00000296f75103d0 JavaThread "Unconstrained build operations Thread 18"        [_thread_blocked, id=31380, stack(0x0000009ba2d00000,0x0000009ba2e00000) (1024K)]
  0x00000296f7516640 JavaThread "Unconstrained build operations Thread 19"        [_thread_blocked, id=3844, stack(0x0000009ba2e00000,0x0000009ba2f00000) (1024K)]
  0x00000296f7513ee0 JavaThread "Unconstrained build operations Thread 20"        [_thread_blocked, id=18060, stack(0x0000009ba2f00000,0x0000009ba3000000) (1024K)]
  0x00000296f750f6b0 JavaThread "Unconstrained build operations Thread 21"        [_thread_blocked, id=10236, stack(0x0000009ba3000000,0x0000009ba3100000) (1024K)]
  0x00000296f7514570 JavaThread "Unconstrained build operations Thread 22"        [_thread_blocked, id=25016, stack(0x0000009ba3200000,0x0000009ba3300000) (1024K)]
  0x00000296f7514c00 JavaThread "DisconnectableInputStream source reader" daemon [_thread_blocked, id=7204, stack(0x0000009ba3300000,0x0000009ba3400000) (1024K)]
Total: 88

Other Threads:
  0x00000296d8cd5200 VMThread "VM Thread"                           [id=29412, stack(0x0000009b9d200000,0x0000009b9d300000) (1024K)]
  0x00000296d8cbeba0 WatcherThread "VM Periodic Task Thread"        [id=3004, stack(0x0000009b9d100000,0x0000009b9d200000) (1024K)]
  0x00000296bbd96b70 WorkerThread "GC Thread#0"                     [id=32312, stack(0x0000009b9cc00000,0x0000009b9cd00000) (1024K)]
  0x00000296f2b0a6f0 WorkerThread "GC Thread#1"                     [id=23652, stack(0x0000009b9de00000,0x0000009b9df00000) (1024K)]
  0x00000296f2b0aa90 WorkerThread "GC Thread#2"                     [id=9344, stack(0x0000009b9df00000,0x0000009b9e000000) (1024K)]
  0x00000296f2b05030 WorkerThread "GC Thread#3"                     [id=24232, stack(0x0000009b9e000000,0x0000009b9e100000) (1024K)]
  0x00000296f2bad900 WorkerThread "GC Thread#4"                     [id=11672, stack(0x0000009b9e100000,0x0000009b9e200000) (1024K)]
  0x00000296f2c982d0 WorkerThread "GC Thread#5"                     [id=16396, stack(0x0000009b9e200000,0x0000009b9e300000) (1024K)]
  0x00000296f43071c0 WorkerThread "GC Thread#6"                     [id=15736, stack(0x0000009b9f000000,0x0000009b9f100000) (1024K)]
  0x00000296f4306e20 WorkerThread "GC Thread#7"                     [id=19608, stack(0x0000009b9f100000,0x0000009b9f200000) (1024K)]
  0x00000296f43066e0 WorkerThread "GC Thread#8"                     [id=29132, stack(0x0000009b9f200000,0x0000009b9f300000) (1024K)]
  0x00000296f4307560 WorkerThread "GC Thread#9"                     [id=7036, stack(0x0000009b9f300000,0x0000009b9f400000) (1024K)]
  0x00000296bbd9bb50 ConcurrentGCThread "G1 Main Marker"            [id=5204, stack(0x0000009b9cd00000,0x0000009b9ce00000) (1024K)]
  0x00000296bbd9c800 WorkerThread "G1 Conc#0"                       [id=29484, stack(0x0000009b9ce00000,0x0000009b9cf00000) (1024K)]
  0x00000296f4307900 WorkerThread "G1 Conc#1"                       [id=28852, stack(0x0000009b9f400000,0x0000009b9f500000) (1024K)]
  0x00000296f4307ca0 WorkerThread "G1 Conc#2"                       [id=18960, stack(0x0000009b9f500000,0x0000009b9f600000) (1024K)]
  0x00000296d8b921f0 ConcurrentGCThread "G1 Refine#0"               [id=6720, stack(0x0000009b9cf00000,0x0000009b9d000000) (1024K)]
  0x00000296d8b92b70 ConcurrentGCThread "G1 Service"                [id=11408, stack(0x0000009b9d000000,0x0000009b9d100000) (1024K)]
Total: 18

Threads with active compile tasks:
C2 CompilerThread0  1034458 9769       4       java.util.HashMap$ValueSpliterator::forEachRemaining (186 bytes)
Total: 1

VM state: not at safepoint (normal execution)

VM Mutex/Monitor currently owned by a thread: None

OutOfMemory and StackOverflow Exception counts:
StackOverflowErrors=1
LinkageErrors=209

Heap address: 0x00000000e0000000, size: 512 MB, Compressed Oops mode: 32-bit

CDS archive(s) mapped at: [0x00000296d9000000-0x00000296d9c90000-0x00000296d9c90000), size 13172736, SharedBaseAddress: 0x00000296d9000000, ArchiveRelocationMode: 1.
Compressed class space mapped at: 0x00000296da000000-0x00000296ee000000, reserved size: 335544320
Narrow klass base: 0x00000296d9000000, Narrow klass shift: 0, Narrow klass range: 0x100000000

GC Precious Log:
 CardTable entry size: 512
 Card Set container configuration: InlinePtr #cards 5 size 8 Array Of Cards #cards 12 size 40 Howl #buckets 4 coarsen threshold 1843 Howl Bitmap #cards 512 size 80 coarsen threshold 460 Card regions per heap region 1 cards per card region 2048
 CPUs: 12 total, 12 available
 Memory: 6005M
 Large Page Support: Disabled
 NUMA Support: Disabled
 Compressed Oops: Enabled (32-bit)
 Heap Region Size: 1M
 Heap Min Capacity: 256M
 Heap Initial Capacity: 256M
 Heap Max Capacity: 512M
 Pre-touch: Disabled
 Parallel Workers: 10
 Concurrent Workers: 3
 Concurrent Refinement Workers: 10
 Periodic GC: Disabled

Heap:
 garbage-first heap   total 262144K, used 187036K [0x00000000e0000000, 0x0000000100000000)
  region size 1024K, 131 young (134144K), 4 survivors (4096K)
 Metaspace       used 71552K, committed 73600K, reserved 393216K
  class space    used 10312K, committed 11264K, reserved 327680K

Heap Regions: E=young(eden), S=young(survivor), O=old, HS=humongous(starts), HC=humongous(continues), CS=collection set, F=free, TAMS=top-at-mark-start, PB=parsable bottom
|   0|0x00000000e0000000, 0x00000000e0100000, 0x00000000e0100000|100%|HS|  |TAMS 0x00000000e0000000| PB 0x00000000e0000000| Complete 
|   1|0x00000000e0100000, 0x00000000e0200000, 0x00000000e0200000|100%|HC|  |TAMS 0x00000000e0100000| PB 0x00000000e0100000| Complete 
|   2|0x00000000e0200000, 0x00000000e0300000, 0x00000000e0300000|100%|HC|  |TAMS 0x00000000e0200000| PB 0x00000000e0200000| Complete 
|   3|0x00000000e0300000, 0x00000000e0400000, 0x00000000e0400000|100%|HC|  |TAMS 0x00000000e0300000| PB 0x00000000e0300000| Complete 
|   4|0x00000000e0400000, 0x00000000e0500000, 0x00000000e0500000|100%| O|  |TAMS 0x00000000e0400000| PB 0x00000000e0400000| Untracked 
|   5|0x00000000e0500000, 0x00000000e0600000, 0x00000000e0600000|100%| O|  |TAMS 0x00000000e0500000| PB 0x00000000e0500000| Untracked 
|   6|0x00000000e0600000, 0x00000000e0700000, 0x00000000e0700000|100%| O|  |TAMS 0x00000000e0600000| PB 0x00000000e0600000| Untracked 
|   7|0x00000000e0700000, 0x00000000e0800000, 0x00000000e0800000|100%| O|  |TAMS 0x00000000e0700000| PB 0x00000000e0700000| Untracked 
|   8|0x00000000e0800000, 0x00000000e0900000, 0x00000000e0900000|100%| O|  |TAMS 0x00000000e0800000| PB 0x00000000e0800000| Untracked 
|   9|0x00000000e0900000, 0x00000000e0a00000, 0x00000000e0a00000|100%| O|  |TAMS 0x00000000e0900000| PB 0x00000000e0900000| Untracked 
|  10|0x00000000e0a00000, 0x00000000e0b00000, 0x00000000e0b00000|100%| O|  |TAMS 0x00000000e0a00000| PB 0x00000000e0a00000| Untracked 
|  11|0x00000000e0b00000, 0x00000000e0c00000, 0x00000000e0c00000|100%| O|  |TAMS 0x00000000e0b00000| PB 0x00000000e0b00000| Untracked 
|  12|0x00000000e0c00000, 0x00000000e0d00000, 0x00000000e0d00000|100%| O|  |TAMS 0x00000000e0c00000| PB 0x00000000e0c00000| Untracked 
|  13|0x00000000e0d00000, 0x00000000e0e00000, 0x00000000e0e00000|100%| O|  |TAMS 0x00000000e0d00000| PB 0x00000000e0d00000| Untracked 
|  14|0x00000000e0e00000, 0x00000000e0f00000, 0x00000000e0f00000|100%| O|  |TAMS 0x00000000e0e00000| PB 0x00000000e0e00000| Untracked 
|  15|0x00000000e0f00000, 0x00000000e1000000, 0x00000000e1000000|100%| O|  |TAMS 0x00000000e0f00000| PB 0x00000000e0f00000| Untracked 
|  16|0x00000000e1000000, 0x00000000e1100000, 0x00000000e1100000|100%| O|  |TAMS 0x00000000e1000000| PB 0x00000000e1000000| Untracked 
|  17|0x00000000e1100000, 0x00000000e1200000, 0x00000000e1200000|100%| O|  |TAMS 0x00000000e1100000| PB 0x00000000e1100000| Untracked 
|  18|0x00000000e1200000, 0x00000000e1300000, 0x00000000e1300000|100%| O|  |TAMS 0x00000000e1200000| PB 0x00000000e1200000| Untracked 
|  19|0x00000000e1300000, 0x00000000e1400000, 0x00000000e1400000|100%| O|  |TAMS 0x00000000e1300000| PB 0x00000000e1300000| Untracked 
|  20|0x00000000e1400000, 0x00000000e1500000, 0x00000000e1500000|100%| O|  |TAMS 0x00000000e1400000| PB 0x00000000e1400000| Untracked 
|  21|0x00000000e1500000, 0x00000000e1600000, 0x00000000e1600000|100%| O|  |TAMS 0x00000000e1500000| PB 0x00000000e1500000| Untracked 
|  22|0x00000000e1600000, 0x00000000e1700000, 0x00000000e1700000|100%| O|  |TAMS 0x00000000e1600000| PB 0x00000000e1600000| Untracked 
|  23|0x00000000e1700000, 0x00000000e1800000, 0x00000000e1800000|100%| O|  |TAMS 0x00000000e1700000| PB 0x00000000e1700000| Untracked 
|  24|0x00000000e1800000, 0x00000000e1900000, 0x00000000e1900000|100%| O|  |TAMS 0x00000000e1800000| PB 0x00000000e1800000| Untracked 
|  25|0x00000000e1900000, 0x00000000e1a00000, 0x00000000e1a00000|100%| O|  |TAMS 0x00000000e1900000| PB 0x00000000e1900000| Untracked 
|  26|0x00000000e1a00000, 0x00000000e1b00000, 0x00000000e1b00000|100%| O|  |TAMS 0x00000000e1a00000| PB 0x00000000e1a00000| Untracked 
|  27|0x00000000e1b00000, 0x00000000e1c00000, 0x00000000e1c00000|100%| O|  |TAMS 0x00000000e1b00000| PB 0x00000000e1b00000| Untracked 
|  28|0x00000000e1c00000, 0x00000000e1d00000, 0x00000000e1d00000|100%| O|  |TAMS 0x00000000e1c00000| PB 0x00000000e1c00000| Untracked 
|  29|0x00000000e1d00000, 0x00000000e1e00000, 0x00000000e1e00000|100%| O|  |TAMS 0x00000000e1d00000| PB 0x00000000e1d00000| Untracked 
|  30|0x00000000e1e00000, 0x00000000e1f00000, 0x00000000e1f00000|100%| O|  |TAMS 0x00000000e1e00000| PB 0x00000000e1e00000| Untracked 
|  31|0x00000000e1f00000, 0x00000000e2000000, 0x00000000e2000000|100%| O|  |TAMS 0x00000000e1f00000| PB 0x00000000e1f00000| Untracked 
|  32|0x00000000e2000000, 0x00000000e2100000, 0x00000000e2100000|100%| O|  |TAMS 0x00000000e2000000| PB 0x00000000e2000000| Untracked 
|  33|0x00000000e2100000, 0x00000000e2200000, 0x00000000e2200000|100%| O|Cm|TAMS 0x00000000e2100000| PB 0x00000000e2100000| Complete 
|  34|0x00000000e2200000, 0x00000000e2300000, 0x00000000e2300000|100%| O|  |TAMS 0x00000000e2200000| PB 0x00000000e2200000| Untracked 
|  35|0x00000000e2300000, 0x00000000e2400000, 0x00000000e2400000|100%| O|  |TAMS 0x00000000e2300000| PB 0x00000000e2300000| Untracked 
|  36|0x00000000e2400000, 0x00000000e2500000, 0x00000000e2500000|100%| O|  |TAMS 0x00000000e2400000| PB 0x00000000e2400000| Untracked 
|  37|0x00000000e2500000, 0x00000000e2600000, 0x00000000e2600000|100%| O|  |TAMS 0x00000000e2500000| PB 0x00000000e2500000| Untracked 
|  38|0x00000000e2600000, 0x00000000e2700000, 0x00000000e2700000|100%| O|  |TAMS 0x00000000e2600000| PB 0x00000000e2600000| Untracked 
|  39|0x00000000e2700000, 0x00000000e2800000, 0x00000000e2800000|100%| O|  |TAMS 0x00000000e2700000| PB 0x00000000e2700000| Untracked 
|  40|0x00000000e2800000, 0x00000000e2900000, 0x00000000e2900000|100%| O|  |TAMS 0x00000000e2800000| PB 0x00000000e2800000| Untracked 
|  41|0x00000000e2900000, 0x00000000e2a00000, 0x00000000e2a00000|100%| O|  |TAMS 0x00000000e2900000| PB 0x00000000e2900000| Untracked 
|  42|0x00000000e2a00000, 0x00000000e2b00000, 0x00000000e2b00000|100%| O|  |TAMS 0x00000000e2a00000| PB 0x00000000e2a00000| Untracked 
|  43|0x00000000e2b00000, 0x00000000e2c00000, 0x00000000e2c00000|100%| O|  |TAMS 0x00000000e2b00000| PB 0x00000000e2b00000| Untracked 
|  44|0x00000000e2c00000, 0x00000000e2d00000, 0x00000000e2d00000|100%| O|  |TAMS 0x00000000e2c00000| PB 0x00000000e2c00000| Untracked 
|  45|0x00000000e2d00000, 0x00000000e2e00000, 0x00000000e2e00000|100%| O|  |TAMS 0x00000000e2d00000| PB 0x00000000e2d00000| Untracked 
|  46|0x00000000e2e00000, 0x00000000e2f00000, 0x00000000e2f00000|100%| O|  |TAMS 0x00000000e2e00000| PB 0x00000000e2e00000| Untracked 
|  47|0x00000000e2f00000, 0x00000000e3000000, 0x00000000e3000000|100%| O|  |TAMS 0x00000000e2f00000| PB 0x00000000e2f00000| Untracked 
|  48|0x00000000e3000000, 0x00000000e3100000, 0x00000000e3100000|100%| O|  |TAMS 0x00000000e3000000| PB 0x00000000e3000000| Untracked 
|  49|0x00000000e3100000, 0x00000000e3200000, 0x00000000e3200000|100%| O|  |TAMS 0x00000000e3100000| PB 0x00000000e3100000| Untracked 
|  50|0x00000000e3200000, 0x00000000e3300000, 0x00000000e3300000|100%| O|  |TAMS 0x00000000e3200000| PB 0x00000000e3200000| Untracked 
|  51|0x00000000e3300000, 0x00000000e3400000, 0x00000000e3400000|100%| O|  |TAMS 0x00000000e3300000| PB 0x00000000e3300000| Untracked 
|  52|0x00000000e3400000, 0x00000000e3500000, 0x00000000e3500000|100%| O|  |TAMS 0x00000000e3400000| PB 0x00000000e3400000| Untracked 
|  53|0x00000000e3500000, 0x00000000e3600000, 0x00000000e3600000|100%| O|  |TAMS 0x00000000e3500000| PB 0x00000000e3500000| Untracked 
|  54|0x00000000e3600000, 0x00000000e364b6b0, 0x00000000e3700000| 29%| O|  |TAMS 0x00000000e3600000| PB 0x00000000e3600000| Untracked 
|  55|0x00000000e3700000, 0x00000000e3700000, 0x00000000e3800000|  0%| F|  |TAMS 0x00000000e3700000| PB 0x00000000e3700000| Untracked 
|  56|0x00000000e3800000, 0x00000000e3800000, 0x00000000e3900000|  0%| F|  |TAMS 0x00000000e3800000| PB 0x00000000e3800000| Untracked 
|  57|0x00000000e3900000, 0x00000000e3900000, 0x00000000e3a00000|  0%| F|  |TAMS 0x00000000e3900000| PB 0x00000000e3900000| Untracked 
|  58|0x00000000e3a00000, 0x00000000e3a00000, 0x00000000e3b00000|  0%| F|  |TAMS 0x00000000e3a00000| PB 0x00000000e3a00000| Untracked 
|  59|0x00000000e3b00000, 0x00000000e3b00000, 0x00000000e3c00000|  0%| F|  |TAMS 0x00000000e3b00000| PB 0x00000000e3b00000| Untracked 
|  60|0x00000000e3c00000, 0x00000000e3c00000, 0x00000000e3d00000|  0%| F|  |TAMS 0x00000000e3c00000| PB 0x00000000e3c00000| Untracked 
|  61|0x00000000e3d00000, 0x00000000e3d00000, 0x00000000e3e00000|  0%| F|  |TAMS 0x00000000e3d00000| PB 0x00000000e3d00000| Untracked 
|  62|0x00000000e3e00000, 0x00000000e3e00000, 0x00000000e3f00000|  0%| F|  |TAMS 0x00000000e3e00000| PB 0x00000000e3e00000| Untracked 
|  63|0x00000000e3f00000, 0x00000000e3f00000, 0x00000000e4000000|  0%| F|  |TAMS 0x00000000e3f00000| PB 0x00000000e3f00000| Untracked 
|  64|0x00000000e4000000, 0x00000000e4000000, 0x00000000e4100000|  0%| F|  |TAMS 0x00000000e4000000| PB 0x00000000e4000000| Untracked 
|  65|0x00000000e4100000, 0x00000000e4100000, 0x00000000e4200000|  0%| F|  |TAMS 0x00000000e4100000| PB 0x00000000e4100000| Untracked 
|  66|0x00000000e4200000, 0x00000000e4200000, 0x00000000e4300000|  0%| F|  |TAMS 0x00000000e4200000| PB 0x00000000e4200000| Untracked 
|  67|0x00000000e4300000, 0x00000000e4300000, 0x00000000e4400000|  0%| F|  |TAMS 0x00000000e4300000| PB 0x00000000e4300000| Untracked 
|  68|0x00000000e4400000, 0x00000000e4400000, 0x00000000e4500000|  0%| F|  |TAMS 0x00000000e4400000| PB 0x00000000e4400000| Untracked 
|  69|0x00000000e4500000, 0x00000000e4500000, 0x00000000e4600000|  0%| F|  |TAMS 0x00000000e4500000| PB 0x00000000e4500000| Untracked 
|  70|0x00000000e4600000, 0x00000000e4600000, 0x00000000e4700000|  0%| F|  |TAMS 0x00000000e4600000| PB 0x00000000e4600000| Untracked 
|  71|0x00000000e4700000, 0x00000000e4700000, 0x00000000e4800000|  0%| F|  |TAMS 0x00000000e4700000| PB 0x00000000e4700000| Untracked 
|  72|0x00000000e4800000, 0x00000000e4800000, 0x00000000e4900000|  0%| F|  |TAMS 0x00000000e4800000| PB 0x00000000e4800000| Untracked 
|  73|0x00000000e4900000, 0x00000000e4900000, 0x00000000e4a00000|  0%| F|  |TAMS 0x00000000e4900000| PB 0x00000000e4900000| Untracked 
|  74|0x00000000e4a00000, 0x00000000e4a00000, 0x00000000e4b00000|  0%| F|  |TAMS 0x00000000e4a00000| PB 0x00000000e4a00000| Untracked 
|  75|0x00000000e4b00000, 0x00000000e4b00000, 0x00000000e4c00000|  0%| F|  |TAMS 0x00000000e4b00000| PB 0x00000000e4b00000| Untracked 
|  76|0x00000000e4c00000, 0x00000000e4c00000, 0x00000000e4d00000|  0%| F|  |TAMS 0x00000000e4c00000| PB 0x00000000e4c00000| Untracked 
|  77|0x00000000e4d00000, 0x00000000e4d00000, 0x00000000e4e00000|  0%| F|  |TAMS 0x00000000e4d00000| PB 0x00000000e4d00000| Untracked 
|  78|0x00000000e4e00000, 0x00000000e4e00000, 0x00000000e4f00000|  0%| F|  |TAMS 0x00000000e4e00000| PB 0x00000000e4e00000| Untracked 
|  79|0x00000000e4f00000, 0x00000000e4f00000, 0x00000000e5000000|  0%| F|  |TAMS 0x00000000e4f00000| PB 0x00000000e4f00000| Untracked 
|  80|0x00000000e5000000, 0x00000000e5000000, 0x00000000e5100000|  0%| F|  |TAMS 0x00000000e5000000| PB 0x00000000e5000000| Untracked 
|  81|0x00000000e5100000, 0x00000000e5100000, 0x00000000e5200000|  0%| F|  |TAMS 0x00000000e5100000| PB 0x00000000e5100000| Untracked 
|  82|0x00000000e5200000, 0x00000000e5200000, 0x00000000e5300000|  0%| F|  |TAMS 0x00000000e5200000| PB 0x00000000e5200000| Untracked 
|  83|0x00000000e5300000, 0x00000000e5300000, 0x00000000e5400000|  0%| F|  |TAMS 0x00000000e5300000| PB 0x00000000e5300000| Untracked 
|  84|0x00000000e5400000, 0x00000000e5400000, 0x00000000e5500000|  0%| F|  |TAMS 0x00000000e5400000| PB 0x00000000e5400000| Untracked 
|  85|0x00000000e5500000, 0x00000000e5500000, 0x00000000e5600000|  0%| F|  |TAMS 0x00000000e5500000| PB 0x00000000e5500000| Untracked 
|  86|0x00000000e5600000, 0x00000000e5600000, 0x00000000e5700000|  0%| F|  |TAMS 0x00000000e5600000| PB 0x00000000e5600000| Untracked 
|  87|0x00000000e5700000, 0x00000000e5700000, 0x00000000e5800000|  0%| F|  |TAMS 0x00000000e5700000| PB 0x00000000e5700000| Untracked 
|  88|0x00000000e5800000, 0x00000000e5800000, 0x00000000e5900000|  0%| F|  |TAMS 0x00000000e5800000| PB 0x00000000e5800000| Untracked 
|  89|0x00000000e5900000, 0x00000000e5900000, 0x00000000e5a00000|  0%| F|  |TAMS 0x00000000e5900000| PB 0x00000000e5900000| Untracked 
|  90|0x00000000e5a00000, 0x00000000e5a00000, 0x00000000e5b00000|  0%| F|  |TAMS 0x00000000e5a00000| PB 0x00000000e5a00000| Untracked 
|  91|0x00000000e5b00000, 0x00000000e5b00000, 0x00000000e5c00000|  0%| F|  |TAMS 0x00000000e5b00000| PB 0x00000000e5b00000| Untracked 
|  92|0x00000000e5c00000, 0x00000000e5c00000, 0x00000000e5d00000|  0%| F|  |TAMS 0x00000000e5c00000| PB 0x00000000e5c00000| Untracked 
|  93|0x00000000e5d00000, 0x00000000e5d00000, 0x00000000e5e00000|  0%| F|  |TAMS 0x00000000e5d00000| PB 0x00000000e5d00000| Untracked 
|  94|0x00000000e5e00000, 0x00000000e5e00000, 0x00000000e5f00000|  0%| F|  |TAMS 0x00000000e5e00000| PB 0x00000000e5e00000| Untracked 
|  95|0x00000000e5f00000, 0x00000000e5f00000, 0x00000000e6000000|  0%| F|  |TAMS 0x00000000e5f00000| PB 0x00000000e5f00000| Untracked 
|  96|0x00000000e6000000, 0x00000000e6000000, 0x00000000e6100000|  0%| F|  |TAMS 0x00000000e6000000| PB 0x00000000e6000000| Untracked 
|  97|0x00000000e6100000, 0x00000000e6100000, 0x00000000e6200000|  0%| F|  |TAMS 0x00000000e6100000| PB 0x00000000e6100000| Untracked 
|  98|0x00000000e6200000, 0x00000000e6200000, 0x00000000e6300000|  0%| F|  |TAMS 0x00000000e6200000| PB 0x00000000e6200000| Untracked 
|  99|0x00000000e6300000, 0x00000000e6300000, 0x00000000e6400000|  0%| F|  |TAMS 0x00000000e6300000| PB 0x00000000e6300000| Untracked 
| 100|0x00000000e6400000, 0x00000000e6400000, 0x00000000e6500000|  0%| F|  |TAMS 0x00000000e6400000| PB 0x00000000e6400000| Untracked 
| 101|0x00000000e6500000, 0x00000000e6500000, 0x00000000e6600000|  0%| F|  |TAMS 0x00000000e6500000| PB 0x00000000e6500000| Untracked 
| 102|0x00000000e6600000, 0x00000000e6600000, 0x00000000e6700000|  0%| F|  |TAMS 0x00000000e6600000| PB 0x00000000e6600000| Untracked 
| 103|0x00000000e6700000, 0x00000000e6700000, 0x00000000e6800000|  0%| F|  |TAMS 0x00000000e6700000| PB 0x00000000e6700000| Untracked 
| 104|0x00000000e6800000, 0x00000000e6800000, 0x00000000e6900000|  0%| F|  |TAMS 0x00000000e6800000| PB 0x00000000e6800000| Untracked 
| 105|0x00000000e6900000, 0x00000000e6900000, 0x00000000e6a00000|  0%| F|  |TAMS 0x00000000e6900000| PB 0x00000000e6900000| Untracked 
| 106|0x00000000e6a00000, 0x00000000e6a00000, 0x00000000e6b00000|  0%| F|  |TAMS 0x00000000e6a00000| PB 0x00000000e6a00000| Untracked 
| 107|0x00000000e6b00000, 0x00000000e6b00000, 0x00000000e6c00000|  0%| F|  |TAMS 0x00000000e6b00000| PB 0x00000000e6b00000| Untracked 
| 108|0x00000000e6c00000, 0x00000000e6c00000, 0x00000000e6d00000|  0%| F|  |TAMS 0x00000000e6c00000| PB 0x00000000e6c00000| Untracked 
| 109|0x00000000e6d00000, 0x00000000e6d00000, 0x00000000e6e00000|  0%| F|  |TAMS 0x00000000e6d00000| PB 0x00000000e6d00000| Untracked 
| 110|0x00000000e6e00000, 0x00000000e6e00000, 0x00000000e6f00000|  0%| F|  |TAMS 0x00000000e6e00000| PB 0x00000000e6e00000| Untracked 
| 111|0x00000000e6f00000, 0x00000000e6f00000, 0x00000000e7000000|  0%| F|  |TAMS 0x00000000e6f00000| PB 0x00000000e6f00000| Untracked 
| 112|0x00000000e7000000, 0x00000000e7000000, 0x00000000e7100000|  0%| F|  |TAMS 0x00000000e7000000| PB 0x00000000e7000000| Untracked 
| 113|0x00000000e7100000, 0x00000000e7100000, 0x00000000e7200000|  0%| F|  |TAMS 0x00000000e7100000| PB 0x00000000e7100000| Untracked 
| 114|0x00000000e7200000, 0x00000000e7200000, 0x00000000e7300000|  0%| F|  |TAMS 0x00000000e7200000| PB 0x00000000e7200000| Untracked 
| 115|0x00000000e7300000, 0x00000000e7300000, 0x00000000e7400000|  0%| F|  |TAMS 0x00000000e7300000| PB 0x00000000e7300000| Untracked 
| 116|0x00000000e7400000, 0x00000000e7400000, 0x00000000e7500000|  0%| F|  |TAMS 0x00000000e7400000| PB 0x00000000e7400000| Untracked 
| 117|0x00000000e7500000, 0x00000000e7500000, 0x00000000e7600000|  0%| F|  |TAMS 0x00000000e7500000| PB 0x00000000e7500000| Untracked 
| 118|0x00000000e7600000, 0x00000000e7600000, 0x00000000e7700000|  0%| F|  |TAMS 0x00000000e7600000| PB 0x00000000e7600000| Untracked 
| 119|0x00000000e7700000, 0x00000000e7700000, 0x00000000e7800000|  0%| F|  |TAMS 0x00000000e7700000| PB 0x00000000e7700000| Untracked 
| 120|0x00000000e7800000, 0x00000000e7800000, 0x00000000e7900000|  0%| F|  |TAMS 0x00000000e7800000| PB 0x00000000e7800000| Untracked 
| 121|0x00000000e7900000, 0x00000000e7900000, 0x00000000e7a00000|  0%| F|  |TAMS 0x00000000e7900000| PB 0x00000000e7900000| Untracked 
| 122|0x00000000e7a00000, 0x00000000e7a00000, 0x00000000e7b00000|  0%| F|  |TAMS 0x00000000e7a00000| PB 0x00000000e7a00000| Untracked 
| 123|0x00000000e7b00000, 0x00000000e7b00000, 0x00000000e7c00000|  0%| F|  |TAMS 0x00000000e7b00000| PB 0x00000000e7b00000| Untracked 
| 124|0x00000000e7c00000, 0x00000000e7c00000, 0x00000000e7d00000|  0%| F|  |TAMS 0x00000000e7c00000| PB 0x00000000e7c00000| Untracked 
| 125|0x00000000e7d00000, 0x00000000e7d9c5b8, 0x00000000e7e00000| 61%| E|  |TAMS 0x00000000e7d00000| PB 0x00000000e7d00000| Complete 
| 126|0x00000000e7e00000, 0x00000000e7f00000, 0x00000000e7f00000|100%| E|CS|TAMS 0x00000000e7e00000| PB 0x00000000e7e00000| Complete 
| 127|0x00000000e7f00000, 0x00000000e8000000, 0x00000000e8000000|100%| E|CS|TAMS 0x00000000e7f00000| PB 0x00000000e7f00000| Complete 
| 128|0x00000000e8000000, 0x00000000e8100000, 0x00000000e8100000|100%| E|CS|TAMS 0x00000000e8000000| PB 0x00000000e8000000| Complete 
| 129|0x00000000e8100000, 0x00000000e8200000, 0x00000000e8200000|100%| E|CS|TAMS 0x00000000e8100000| PB 0x00000000e8100000| Complete 
| 130|0x00000000e8200000, 0x00000000e8300000, 0x00000000e8300000|100%| E|CS|TAMS 0x00000000e8200000| PB 0x00000000e8200000| Complete 
| 131|0x00000000e8300000, 0x00000000e8400000, 0x00000000e8400000|100%| E|CS|TAMS 0x00000000e8300000| PB 0x00000000e8300000| Complete 
| 132|0x00000000e8400000, 0x00000000e8500000, 0x00000000e8500000|100%| E|CS|TAMS 0x00000000e8400000| PB 0x00000000e8400000| Complete 
| 133|0x00000000e8500000, 0x00000000e8600000, 0x00000000e8600000|100%| E|CS|TAMS 0x00000000e8500000| PB 0x00000000e8500000| Complete 
| 134|0x00000000e8600000, 0x00000000e8700000, 0x00000000e8700000|100%| E|CS|TAMS 0x00000000e8600000| PB 0x00000000e8600000| Complete 
| 135|0x00000000e8700000, 0x00000000e8800000, 0x00000000e8800000|100%| E|CS|TAMS 0x00000000e8700000| PB 0x00000000e8700000| Complete 
| 136|0x00000000e8800000, 0x00000000e8900000, 0x00000000e8900000|100%| E|CS|TAMS 0x00000000e8800000| PB 0x00000000e8800000| Complete 
| 137|0x00000000e8900000, 0x00000000e8a00000, 0x00000000e8a00000|100%| E|CS|TAMS 0x00000000e8900000| PB 0x00000000e8900000| Complete 
| 138|0x00000000e8a00000, 0x00000000e8b00000, 0x00000000e8b00000|100%| E|CS|TAMS 0x00000000e8a00000| PB 0x00000000e8a00000| Complete 
| 139|0x00000000e8b00000, 0x00000000e8c00000, 0x00000000e8c00000|100%| E|CS|TAMS 0x00000000e8b00000| PB 0x00000000e8b00000| Complete 
| 140|0x00000000e8c00000, 0x00000000e8d00000, 0x00000000e8d00000|100%| E|CS|TAMS 0x00000000e8c00000| PB 0x00000000e8c00000| Complete 
| 141|0x00000000e8d00000, 0x00000000e8e00000, 0x00000000e8e00000|100%| E|CS|TAMS 0x00000000e8d00000| PB 0x00000000e8d00000| Complete 
| 142|0x00000000e8e00000, 0x00000000e8f00000, 0x00000000e8f00000|100%| E|CS|TAMS 0x00000000e8e00000| PB 0x00000000e8e00000| Complete 
| 143|0x00000000e8f00000, 0x00000000e9000000, 0x00000000e9000000|100%| E|CS|TAMS 0x00000000e8f00000| PB 0x00000000e8f00000| Complete 
| 144|0x00000000e9000000, 0x00000000e9100000, 0x00000000e9100000|100%| E|CS|TAMS 0x00000000e9000000| PB 0x00000000e9000000| Complete 
| 145|0x00000000e9100000, 0x00000000e9200000, 0x00000000e9200000|100%| E|CS|TAMS 0x00000000e9100000| PB 0x00000000e9100000| Complete 
| 146|0x00000000e9200000, 0x00000000e9300000, 0x00000000e9300000|100%| E|CS|TAMS 0x00000000e9200000| PB 0x00000000e9200000| Complete 
| 147|0x00000000e9300000, 0x00000000e9400000, 0x00000000e9400000|100%| E|CS|TAMS 0x00000000e9300000| PB 0x00000000e9300000| Complete 
| 148|0x00000000e9400000, 0x00000000e9500000, 0x00000000e9500000|100%| E|CS|TAMS 0x00000000e9400000| PB 0x00000000e9400000| Complete 
| 149|0x00000000e9500000, 0x00000000e9600000, 0x00000000e9600000|100%| E|CS|TAMS 0x00000000e9500000| PB 0x00000000e9500000| Complete 
| 150|0x00000000e9600000, 0x00000000e9700000, 0x00000000e9700000|100%| E|CS|TAMS 0x00000000e9600000| PB 0x00000000e9600000| Complete 
| 151|0x00000000e9700000, 0x00000000e9800000, 0x00000000e9800000|100%| E|CS|TAMS 0x00000000e9700000| PB 0x00000000e9700000| Complete 
| 152|0x00000000e9800000, 0x00000000e9900000, 0x00000000e9900000|100%| E|CS|TAMS 0x00000000e9800000| PB 0x00000000e9800000| Complete 
| 153|0x00000000e9900000, 0x00000000e9a00000, 0x00000000e9a00000|100%| E|CS|TAMS 0x00000000e9900000| PB 0x00000000e9900000| Complete 
| 154|0x00000000e9a00000, 0x00000000e9b00000, 0x00000000e9b00000|100%| E|CS|TAMS 0x00000000e9a00000| PB 0x00000000e9a00000| Complete 
| 155|0x00000000e9b00000, 0x00000000e9c00000, 0x00000000e9c00000|100%| E|CS|TAMS 0x00000000e9b00000| PB 0x00000000e9b00000| Complete 
| 156|0x00000000e9c00000, 0x00000000e9d00000, 0x00000000e9d00000|100%| E|CS|TAMS 0x00000000e9c00000| PB 0x00000000e9c00000| Complete 
| 157|0x00000000e9d00000, 0x00000000e9e00000, 0x00000000e9e00000|100%| E|CS|TAMS 0x00000000e9d00000| PB 0x00000000e9d00000| Complete 
| 158|0x00000000e9e00000, 0x00000000e9f00000, 0x00000000e9f00000|100%| E|CS|TAMS 0x00000000e9e00000| PB 0x00000000e9e00000| Complete 
| 159|0x00000000e9f00000, 0x00000000ea000000, 0x00000000ea000000|100%| E|CS|TAMS 0x00000000e9f00000| PB 0x00000000e9f00000| Complete 
| 160|0x00000000ea000000, 0x00000000ea100000, 0x00000000ea100000|100%| E|CS|TAMS 0x00000000ea000000| PB 0x00000000ea000000| Complete 
| 161|0x00000000ea100000, 0x00000000ea200000, 0x00000000ea200000|100%| E|CS|TAMS 0x00000000ea100000| PB 0x00000000ea100000| Complete 
| 162|0x00000000ea200000, 0x00000000ea300000, 0x00000000ea300000|100%| E|CS|TAMS 0x00000000ea200000| PB 0x00000000ea200000| Complete 
| 163|0x00000000ea300000, 0x00000000ea400000, 0x00000000ea400000|100%| E|CS|TAMS 0x00000000ea300000| PB 0x00000000ea300000| Complete 
| 164|0x00000000ea400000, 0x00000000ea500000, 0x00000000ea500000|100%| E|CS|TAMS 0x00000000ea400000| PB 0x00000000ea400000| Complete 
| 165|0x00000000ea500000, 0x00000000ea600000, 0x00000000ea600000|100%| E|CS|TAMS 0x00000000ea500000| PB 0x00000000ea500000| Complete 
| 166|0x00000000ea600000, 0x00000000ea700000, 0x00000000ea700000|100%| E|CS|TAMS 0x00000000ea600000| PB 0x00000000ea600000| Complete 
| 167|0x00000000ea700000, 0x00000000ea800000, 0x00000000ea800000|100%| E|CS|TAMS 0x00000000ea700000| PB 0x00000000ea700000| Complete 
| 168|0x00000000ea800000, 0x00000000ea900000, 0x00000000ea900000|100%| E|CS|TAMS 0x00000000ea800000| PB 0x00000000ea800000| Complete 
| 169|0x00000000ea900000, 0x00000000eaa00000, 0x00000000eaa00000|100%| E|CS|TAMS 0x00000000ea900000| PB 0x00000000ea900000| Complete 
| 170|0x00000000eaa00000, 0x00000000eab00000, 0x00000000eab00000|100%| E|CS|TAMS 0x00000000eaa00000| PB 0x00000000eaa00000| Complete 
| 171|0x00000000eab00000, 0x00000000eac00000, 0x00000000eac00000|100%| E|CS|TAMS 0x00000000eab00000| PB 0x00000000eab00000| Complete 
| 172|0x00000000eac00000, 0x00000000ead00000, 0x00000000ead00000|100%| E|CS|TAMS 0x00000000eac00000| PB 0x00000000eac00000| Complete 
| 173|0x00000000ead00000, 0x00000000eae00000, 0x00000000eae00000|100%| E|CS|TAMS 0x00000000ead00000| PB 0x00000000ead00000| Complete 
| 174|0x00000000eae00000, 0x00000000eaf00000, 0x00000000eaf00000|100%| E|CS|TAMS 0x00000000eae00000| PB 0x00000000eae00000| Complete 
| 175|0x00000000eaf00000, 0x00000000eb000000, 0x00000000eb000000|100%| E|CS|TAMS 0x00000000eaf00000| PB 0x00000000eaf00000| Complete 
| 176|0x00000000eb000000, 0x00000000eb100000, 0x00000000eb100000|100%| E|CS|TAMS 0x00000000eb000000| PB 0x00000000eb000000| Complete 
| 177|0x00000000eb100000, 0x00000000eb200000, 0x00000000eb200000|100%| E|CS|TAMS 0x00000000eb100000| PB 0x00000000eb100000| Complete 
| 178|0x00000000eb200000, 0x00000000eb300000, 0x00000000eb300000|100%| E|CS|TAMS 0x00000000eb200000| PB 0x00000000eb200000| Complete 
| 179|0x00000000eb300000, 0x00000000eb400000, 0x00000000eb400000|100%| E|CS|TAMS 0x00000000eb300000| PB 0x00000000eb300000| Complete 
| 180|0x00000000eb400000, 0x00000000eb500000, 0x00000000eb500000|100%| E|  |TAMS 0x00000000eb400000| PB 0x00000000eb400000| Complete 
| 181|0x00000000eb500000, 0x00000000eb600000, 0x00000000eb600000|100%| E|CS|TAMS 0x00000000eb500000| PB 0x00000000eb500000| Complete 
| 182|0x00000000eb600000, 0x00000000eb700000, 0x00000000eb700000|100%| E|CS|TAMS 0x00000000eb600000| PB 0x00000000eb600000| Complete 
| 183|0x00000000eb700000, 0x00000000eb800000, 0x00000000eb800000|100%| E|CS|TAMS 0x00000000eb700000| PB 0x00000000eb700000| Complete 
| 184|0x00000000eb800000, 0x00000000eb900000, 0x00000000eb900000|100%| E|CS|TAMS 0x00000000eb800000| PB 0x00000000eb800000| Complete 
| 185|0x00000000eb900000, 0x00000000eba00000, 0x00000000eba00000|100%| E|CS|TAMS 0x00000000eb900000| PB 0x00000000eb900000| Complete 
| 186|0x00000000eba00000, 0x00000000ebb00000, 0x00000000ebb00000|100%| E|CS|TAMS 0x00000000eba00000| PB 0x00000000eba00000| Complete 
| 187|0x00000000ebb00000, 0x00000000ebc00000, 0x00000000ebc00000|100%| E|CS|TAMS 0x00000000ebb00000| PB 0x00000000ebb00000| Complete 
| 188|0x00000000ebc00000, 0x00000000ebd00000, 0x00000000ebd00000|100%| E|CS|TAMS 0x00000000ebc00000| PB 0x00000000ebc00000| Complete 
| 189|0x00000000ebd00000, 0x00000000ebe00000, 0x00000000ebe00000|100%| E|CS|TAMS 0x00000000ebd00000| PB 0x00000000ebd00000| Complete 
| 190|0x00000000ebe00000, 0x00000000ebf00000, 0x00000000ebf00000|100%| E|CS|TAMS 0x00000000ebe00000| PB 0x00000000ebe00000| Complete 
| 191|0x00000000ebf00000, 0x00000000ec000000, 0x00000000ec000000|100%| E|CS|TAMS 0x00000000ebf00000| PB 0x00000000ebf00000| Complete 
| 192|0x00000000ec000000, 0x00000000ec100000, 0x00000000ec100000|100%| E|CS|TAMS 0x00000000ec000000| PB 0x00000000ec000000| Complete 
| 193|0x00000000ec100000, 0x00000000ec200000, 0x00000000ec200000|100%| E|CS|TAMS 0x00000000ec100000| PB 0x00000000ec100000| Complete 
| 194|0x00000000ec200000, 0x00000000ec300000, 0x00000000ec300000|100%| E|CS|TAMS 0x00000000ec200000| PB 0x00000000ec200000| Complete 
| 195|0x00000000ec300000, 0x00000000ec400000, 0x00000000ec400000|100%| E|CS|TAMS 0x00000000ec300000| PB 0x00000000ec300000| Complete 
| 196|0x00000000ec400000, 0x00000000ec500000, 0x00000000ec500000|100%| E|CS|TAMS 0x00000000ec400000| PB 0x00000000ec400000| Complete 
| 197|0x00000000ec500000, 0x00000000ec600000, 0x00000000ec600000|100%| E|CS|TAMS 0x00000000ec500000| PB 0x00000000ec500000| Complete 
| 198|0x00000000ec600000, 0x00000000ec700000, 0x00000000ec700000|100%| E|CS|TAMS 0x00000000ec600000| PB 0x00000000ec600000| Complete 
| 199|0x00000000ec700000, 0x00000000ec800000, 0x00000000ec800000|100%| E|CS|TAMS 0x00000000ec700000| PB 0x00000000ec700000| Complete 
| 200|0x00000000ec800000, 0x00000000ec900000, 0x00000000ec900000|100%| E|CS|TAMS 0x00000000ec800000| PB 0x00000000ec800000| Complete 
| 201|0x00000000ec900000, 0x00000000eca00000, 0x00000000eca00000|100%| E|CS|TAMS 0x00000000ec900000| PB 0x00000000ec900000| Complete 
| 202|0x00000000eca00000, 0x00000000ecb00000, 0x00000000ecb00000|100%| E|CS|TAMS 0x00000000eca00000| PB 0x00000000eca00000| Complete 
| 203|0x00000000ecb00000, 0x00000000ecc00000, 0x00000000ecc00000|100%| E|CS|TAMS 0x00000000ecb00000| PB 0x00000000ecb00000| Complete 
| 204|0x00000000ecc00000, 0x00000000ecd00000, 0x00000000ecd00000|100%| E|CS|TAMS 0x00000000ecc00000| PB 0x00000000ecc00000| Complete 
| 205|0x00000000ecd00000, 0x00000000ece00000, 0x00000000ece00000|100%| E|CS|TAMS 0x00000000ecd00000| PB 0x00000000ecd00000| Complete 
| 206|0x00000000ece00000, 0x00000000ecf00000, 0x00000000ecf00000|100%| E|CS|TAMS 0x00000000ece00000| PB 0x00000000ece00000| Complete 
| 207|0x00000000ecf00000, 0x00000000ed000000, 0x00000000ed000000|100%| E|CS|TAMS 0x00000000ecf00000| PB 0x00000000ecf00000| Complete 
| 208|0x00000000ed000000, 0x00000000ed100000, 0x00000000ed100000|100%| E|CS|TAMS 0x00000000ed000000| PB 0x00000000ed000000| Complete 
| 209|0x00000000ed100000, 0x00000000ed200000, 0x00000000ed200000|100%| E|CS|TAMS 0x00000000ed100000| PB 0x00000000ed100000| Complete 
| 210|0x00000000ed200000, 0x00000000ed300000, 0x00000000ed300000|100%| E|CS|TAMS 0x00000000ed200000| PB 0x00000000ed200000| Complete 
| 211|0x00000000ed300000, 0x00000000ed400000, 0x00000000ed400000|100%| E|CS|TAMS 0x00000000ed300000| PB 0x00000000ed300000| Complete 
| 212|0x00000000ed400000, 0x00000000ed500000, 0x00000000ed500000|100%| E|CS|TAMS 0x00000000ed400000| PB 0x00000000ed400000| Complete 
| 213|0x00000000ed500000, 0x00000000ed600000, 0x00000000ed600000|100%| E|CS|TAMS 0x00000000ed500000| PB 0x00000000ed500000| Complete 
| 214|0x00000000ed600000, 0x00000000ed700000, 0x00000000ed700000|100%| E|CS|TAMS 0x00000000ed600000| PB 0x00000000ed600000| Complete 
| 215|0x00000000ed700000, 0x00000000ed800000, 0x00000000ed800000|100%| E|CS|TAMS 0x00000000ed700000| PB 0x00000000ed700000| Complete 
| 216|0x00000000ed800000, 0x00000000ed900000, 0x00000000ed900000|100%| E|CS|TAMS 0x00000000ed800000| PB 0x00000000ed800000| Complete 
| 217|0x00000000ed900000, 0x00000000eda00000, 0x00000000eda00000|100%| E|CS|TAMS 0x00000000ed900000| PB 0x00000000ed900000| Complete 
| 218|0x00000000eda00000, 0x00000000edb00000, 0x00000000edb00000|100%| E|CS|TAMS 0x00000000eda00000| PB 0x00000000eda00000| Complete 
| 219|0x00000000edb00000, 0x00000000edc00000, 0x00000000edc00000|100%| E|CS|TAMS 0x00000000edb00000| PB 0x00000000edb00000| Complete 
| 220|0x00000000edc00000, 0x00000000edd00000, 0x00000000edd00000|100%| E|CS|TAMS 0x00000000edc00000| PB 0x00000000edc00000| Complete 
| 221|0x00000000edd00000, 0x00000000ede00000, 0x00000000ede00000|100%| E|CS|TAMS 0x00000000edd00000| PB 0x00000000edd00000| Complete 
| 222|0x00000000ede00000, 0x00000000edf00000, 0x00000000edf00000|100%| E|CS|TAMS 0x00000000ede00000| PB 0x00000000ede00000| Complete 
| 223|0x00000000edf00000, 0x00000000ee000000, 0x00000000ee000000|100%| E|CS|TAMS 0x00000000edf00000| PB 0x00000000edf00000| Complete 
| 224|0x00000000ee000000, 0x00000000ee100000, 0x00000000ee100000|100%| E|CS|TAMS 0x00000000ee000000| PB 0x00000000ee000000| Complete 
| 225|0x00000000ee100000, 0x00000000ee200000, 0x00000000ee200000|100%| E|CS|TAMS 0x00000000ee100000| PB 0x00000000ee100000| Complete 
| 226|0x00000000ee200000, 0x00000000ee300000, 0x00000000ee300000|100%| E|CS|TAMS 0x00000000ee200000| PB 0x00000000ee200000| Complete 
| 227|0x00000000ee300000, 0x00000000ee400000, 0x00000000ee400000|100%| E|CS|TAMS 0x00000000ee300000| PB 0x00000000ee300000| Complete 
| 228|0x00000000ee400000, 0x00000000ee500000, 0x00000000ee500000|100%| E|CS|TAMS 0x00000000ee400000| PB 0x00000000ee400000| Complete 
| 229|0x00000000ee500000, 0x00000000ee600000, 0x00000000ee600000|100%| E|CS|TAMS 0x00000000ee500000| PB 0x00000000ee500000| Complete 
| 230|0x00000000ee600000, 0x00000000ee700000, 0x00000000ee700000|100%| E|CS|TAMS 0x00000000ee600000| PB 0x00000000ee600000| Complete 
| 231|0x00000000ee700000, 0x00000000ee800000, 0x00000000ee800000|100%| E|CS|TAMS 0x00000000ee700000| PB 0x00000000ee700000| Complete 
| 232|0x00000000ee800000, 0x00000000ee900000, 0x00000000ee900000|100%| E|CS|TAMS 0x00000000ee800000| PB 0x00000000ee800000| Complete 
| 233|0x00000000ee900000, 0x00000000eea00000, 0x00000000eea00000|100%| E|CS|TAMS 0x00000000ee900000| PB 0x00000000ee900000| Complete 
| 234|0x00000000eea00000, 0x00000000eea5bb68, 0x00000000eeb00000| 35%| S|CS|TAMS 0x00000000eea00000| PB 0x00000000eea00000| Complete 
| 235|0x00000000eeb00000, 0x00000000eec00000, 0x00000000eec00000|100%| S|CS|TAMS 0x00000000eeb00000| PB 0x00000000eeb00000| Complete 
| 236|0x00000000eec00000, 0x00000000eed00000, 0x00000000eed00000|100%| S|CS|TAMS 0x00000000eec00000| PB 0x00000000eec00000| Complete 
| 237|0x00000000eed00000, 0x00000000eee00000, 0x00000000eee00000|100%| S|CS|TAMS 0x00000000eed00000| PB 0x00000000eed00000| Complete 
| 238|0x00000000eee00000, 0x00000000eef00000, 0x00000000eef00000|100%| E|CS|TAMS 0x00000000eee00000| PB 0x00000000eee00000| Complete 
| 239|0x00000000eef00000, 0x00000000ef000000, 0x00000000ef000000|100%| E|CS|TAMS 0x00000000eef00000| PB 0x00000000eef00000| Complete 
| 240|0x00000000ef000000, 0x00000000ef100000, 0x00000000ef100000|100%| E|CS|TAMS 0x00000000ef000000| PB 0x00000000ef000000| Complete 
| 241|0x00000000ef100000, 0x00000000ef200000, 0x00000000ef200000|100%| E|CS|TAMS 0x00000000ef100000| PB 0x00000000ef100000| Complete 
| 242|0x00000000ef200000, 0x00000000ef300000, 0x00000000ef300000|100%| E|CS|TAMS 0x00000000ef200000| PB 0x00000000ef200000| Complete 
| 243|0x00000000ef300000, 0x00000000ef400000, 0x00000000ef400000|100%| E|CS|TAMS 0x00000000ef300000| PB 0x00000000ef300000| Complete 
| 244|0x00000000ef400000, 0x00000000ef500000, 0x00000000ef500000|100%| E|CS|TAMS 0x00000000ef400000| PB 0x00000000ef400000| Complete 
| 245|0x00000000ef500000, 0x00000000ef600000, 0x00000000ef600000|100%| E|CS|TAMS 0x00000000ef500000| PB 0x00000000ef500000| Complete 
| 246|0x00000000ef600000, 0x00000000ef700000, 0x00000000ef700000|100%| E|CS|TAMS 0x00000000ef600000| PB 0x00000000ef600000| Complete 
| 247|0x00000000ef700000, 0x00000000ef800000, 0x00000000ef800000|100%| E|CS|TAMS 0x00000000ef700000| PB 0x00000000ef700000| Complete 
| 248|0x00000000ef800000, 0x00000000ef900000, 0x00000000ef900000|100%| E|CS|TAMS 0x00000000ef800000| PB 0x00000000ef800000| Complete 
| 249|0x00000000ef900000, 0x00000000efa00000, 0x00000000efa00000|100%| E|CS|TAMS 0x00000000ef900000| PB 0x00000000ef900000| Complete 
| 250|0x00000000efa00000, 0x00000000efb00000, 0x00000000efb00000|100%| E|CS|TAMS 0x00000000efa00000| PB 0x00000000efa00000| Complete 
| 251|0x00000000efb00000, 0x00000000efc00000, 0x00000000efc00000|100%| E|CS|TAMS 0x00000000efb00000| PB 0x00000000efb00000| Complete 
| 252|0x00000000efc00000, 0x00000000efd00000, 0x00000000efd00000|100%| E|CS|TAMS 0x00000000efc00000| PB 0x00000000efc00000| Complete 
| 253|0x00000000efd00000, 0x00000000efe00000, 0x00000000efe00000|100%| E|CS|TAMS 0x00000000efd00000| PB 0x00000000efd00000| Complete 
| 254|0x00000000efe00000, 0x00000000eff00000, 0x00000000eff00000|100%| E|CS|TAMS 0x00000000efe00000| PB 0x00000000efe00000| Complete 
| 255|0x00000000eff00000, 0x00000000f0000000, 0x00000000f0000000|100%| E|CS|TAMS 0x00000000eff00000| PB 0x00000000eff00000| Complete 

Card table byte_map: [0x00000296d5720000,0x00000296d5820000] _byte_map_base: 0x00000296d5020000

Marking Bits: (CMBitMap*) 0x00000296bbd97270
 Bits: [0x00000296d5820000, 0x00000296d6020000)

Polling page: 0x00000296bbe20000

Metaspace:

Usage:
  Non-class:     59.80 MB used.
      Class:     10.07 MB used.
       Both:     69.88 MB used.

Virtual space:
  Non-class space:       64.00 MB reserved,      60.88 MB ( 95%) committed,  1 nodes.
      Class space:      320.00 MB reserved,      11.00 MB (  3%) committed,  1 nodes.
             Both:      384.00 MB reserved,      71.88 MB ( 19%) committed. 

Chunk freelists:
   Non-Class:  2.34 MB
       Class:  5.02 MB
        Both:  7.37 MB

MaxMetaspaceSize: 384.00 MB
CompressedClassSpaceSize: 320.00 MB
Initial GC threshold: 21.00 MB
Current GC threshold: 100.00 MB
CDS: on
 - commit_granule_bytes: 65536.
 - commit_granule_words: 8192.
 - virtual_space_node_default_size: 8388608.
 - enlarge_chunks_in_place: 1.
 - use_allocation_guard: 0.


Internal statistics:

num_allocs_failed_limit: 15.
num_arena_births: 3500.
num_arena_deaths: 0.
num_vsnodes_births: 2.
num_vsnodes_deaths: 0.
num_space_committed: 1150.
num_space_uncommitted: 0.
num_chunks_returned_to_freelist: 15.
num_chunks_taken_from_freelist: 6859.
num_chunk_merges: 12.
num_chunk_splits: 4446.
num_chunks_enlarged: 2755.
num_inconsistent_stats: 0.

CodeHeap 'non-profiled nmethods': size=120000Kb used=5665Kb max_used=5665Kb free=114334Kb
 bounds [0x00000296cd460000, 0x00000296cd9f0000, 0x00000296d4990000]
CodeHeap 'profiled nmethods': size=120000Kb used=17467Kb max_used=17467Kb free=102532Kb
 bounds [0x00000296c5990000, 0x00000296c6aa0000, 0x00000296ccec0000]
CodeHeap 'non-nmethods': size=5760Kb used=2777Kb max_used=2821Kb free=2982Kb
 bounds [0x00000296ccec0000, 0x00000296cd190000, 0x00000296cd460000]
 total_blobs=9948 nmethods=9049 adapters=801
 compilation: enabled
              stopped_count=0, restarted_count=0
 full_count=0

Compilation events (20 events):
Event: 302.838 Thread 0x00000296f2005590 nmethod 9757 0x00000296c6a99310 code [0x00000296c6a994c0, 0x00000296c6a99600]
Event: 312.647 Thread 0x00000296f2005590 9758       3       net.rubygrapefruit.platform.internal.FunctionResult::isFailed (13 bytes)
Event: 312.648 Thread 0x00000296f2005590 nmethod 9758 0x00000296c6a99710 code [0x00000296c6a998a0, 0x00000296c6a99a08]
Event: 1033.982 Thread 0x00000296d8cfd740 9759       4       java.lang.StringConcatHelper::prepend (22 bytes)
Event: 1033.988 Thread 0x00000296d8cfd740 nmethod 9759 0x00000296cd9e6d90 code [0x00000296cd9e6f40, 0x00000296cd9e7238]
Event: 1033.988 Thread 0x00000296d8cfd740 9760       4       java.util.Collections$SingletonSet::contains (9 bytes)
Event: 1033.991 Thread 0x00000296f2005590 9761       3       jdk.management.jfr.internal.FlightRecorderMXBeanProvider$SingleMBeanComponent::mbeanInterfaceNames (11 bytes)
Event: 1033.993 Thread 0x00000296d8cfd740 nmethod 9760 0x00000296cd9e7510 code [0x00000296cd9e76a0, 0x00000296cd9e78f8]
Event: 1033.993 Thread 0x00000296f2005590 nmethod 9761 0x00000296c6a99a90 code [0x00000296c6a99c80, 0x00000296c6a9a100]
Event: 1033.993 Thread 0x00000296d8cfd740 9762       4       java.lang.management.ManagementFactory$$Lambda/0x00000296da072a98::apply (12 bytes)
Event: 1033.993 Thread 0x00000296f2005590 9764   !   3       org.gradle.launcher.daemon.server.health.gc.DefaultSlidingWindow::slideAndInsert (50 bytes)
Event: 1033.996 Thread 0x00000296f2005590 nmethod 9764 0x00000296c6a9a310 code [0x00000296c6a9a660, 0x00000296c6a9baf8]
Event: 1033.996 Thread 0x00000296f2005590 9763       3       java.lang.management.MemoryUsage::<init> (170 bytes)
Event: 1033.999 Thread 0x00000296f2005590 nmethod 9763 0x00000296c6a9c410 code [0x00000296c6a9c6c0, 0x00000296c6a9d108]
Event: 1033.999 Thread 0x00000296f2005590 9768       3       java.util.concurrent.LinkedBlockingDeque::unlinkFirst (74 bytes)
Event: 1034.000 Thread 0x00000296f2005590 nmethod 9768 0x00000296c6a9d590 code [0x00000296c6a9d7a0, 0x00000296c6a9ddc8]
Event: 1034.000 Thread 0x00000296f2005590 9765   !   3       java.util.concurrent.LinkedBlockingDeque::peekLast (41 bytes)
Event: 1034.001 Thread 0x00000296f2005590 nmethod 9765 0x00000296c6a9e010 code [0x00000296c6a9e240, 0x00000296c6a9eba8]
Event: 1034.011 Thread 0x00000296d8cfd740 nmethod 9762 0x00000296cd9e7e10 code [0x00000296cd9e7fe0, 0x00000296cd9e82f0]
Event: 1034.011 Thread 0x00000296d8cfd740 9769       4       java.util.HashMap$ValueSpliterator::forEachRemaining (186 bytes)

GC Heap History (18 events):
Event: 1.094 GC heap before
{Heap before GC invocations=0 (full 0):
 garbage-first heap   total 262144K, used 26624K [0x00000000e0000000, 0x0000000100000000)
  region size 1024K, 23 young (23552K), 0 survivors (0K)
 Metaspace       used 3216K, committed 3328K, reserved 393216K
  class space    used 407K, committed 448K, reserved 327680K
}
Event: 1.099 GC heap after
{Heap after GC invocations=1 (full 0):
 garbage-first heap   total 262144K, used 10426K [0x00000000e0000000, 0x0000000100000000)
  region size 1024K, 3 young (3072K), 3 survivors (3072K)
 Metaspace       used 3216K, committed 3328K, reserved 393216K
  class space    used 407K, committed 448K, reserved 327680K
}
Event: 1.684 GC heap before
{Heap before GC invocations=1 (full 0):
 garbage-first heap   total 262144K, used 40122K [0x00000000e0000000, 0x0000000100000000)
  region size 1024K, 32 young (32768K), 3 survivors (3072K)
 Metaspace       used 4123K, committed 4288K, reserved 393216K
  class space    used 503K, committed 576K, reserved 327680K
}
Event: 1.687 GC heap after
{Heap after GC invocations=2 (full 0):
 garbage-first heap   total 262144K, used 11730K [0x00000000e0000000, 0x0000000100000000)
  region size 1024K, 1 young (1024K), 1 survivors (1024K)
 Metaspace       used 4123K, committed 4288K, reserved 393216K
  class space    used 503K, committed 576K, reserved 327680K
}
Event: 4.416 GC heap before
{Heap before GC invocations=2 (full 0):
 garbage-first heap   total 262144K, used 116178K [0x00000000e0000000, 0x0000000100000000)
  region size 1024K, 104 young (106496K), 1 survivors (1024K)
 Metaspace       used 20826K, committed 21504K, reserved 393216K
  class space    used 3056K, committed 3392K, reserved 327680K
}
Event: 4.425 GC heap after
{Heap after GC invocations=3 (full 0):
 garbage-first heap   total 262144K, used 23717K [0x00000000e0000000, 0x0000000100000000)
  region size 1024K, 13 young (13312K), 13 survivors (13312K)
 Metaspace       used 20826K, committed 21504K, reserved 393216K
  class space    used 3056K, committed 3392K, reserved 327680K
}
Event: 5.933 GC heap before
{Heap before GC invocations=4 (full 0):
 garbage-first heap   total 262144K, used 135333K [0x00000000e0000000, 0x0000000100000000)
  region size 1024K, 119 young (121856K), 13 survivors (13312K)
 Metaspace       used 34766K, committed 35968K, reserved 393216K
  class space    used 4966K, committed 5568K, reserved 327680K
}
Event: 5.945 GC heap after
{Heap after GC invocations=5 (full 0):
 garbage-first heap   total 262144K, used 33995K [0x00000000e0000000, 0x0000000100000000)
  region size 1024K, 9 young (9216K), 9 survivors (9216K)
 Metaspace       used 34766K, committed 35968K, reserved 393216K
  class space    used 4966K, committed 5568K, reserved 327680K
}
Event: 5.949 GC heap before
{Heap before GC invocations=5 (full 0):
 garbage-first heap   total 262144K, used 33995K [0x00000000e0000000, 0x0000000100000000)
  region size 1024K, 10 young (10240K), 9 survivors (9216K)
 Metaspace       used 35100K, committed 36288K, reserved 393216K
  class space    used 4966K, committed 5568K, reserved 327680K
}
Event: 5.954 GC heap after
{Heap after GC invocations=6 (full 0):
 garbage-first heap   total 262144K, used 33918K [0x00000000e0000000, 0x0000000100000000)
  region size 1024K, 8 young (8192K), 8 survivors (8192K)
 Metaspace       used 35100K, committed 36288K, reserved 393216K
  class space    used 4966K, committed 5568K, reserved 327680K
}
Event: 5.975 GC heap before
{Heap before GC invocations=6 (full 0):
 garbage-first heap   total 262144K, used 33918K [0x00000000e0000000, 0x0000000100000000)
  region size 1024K, 9 young (9216K), 8 survivors (8192K)
 Metaspace       used 35436K, committed 36608K, reserved 393216K
  class space    used 4982K, committed 5568K, reserved 327680K
}
Event: 5.979 GC heap after
{Heap after GC invocations=7 (full 0):
 garbage-first heap   total 262144K, used 32032K [0x00000000e0000000, 0x0000000100000000)
  region size 1024K, 8 young (8192K), 8 survivors (8192K)
 Metaspace       used 35436K, committed 36608K, reserved 393216K
  class space    used 4982K, committed 5568K, reserved 327680K
}
Event: 8.141 GC heap before
{Heap before GC invocations=8 (full 0):
 garbage-first heap   total 262144K, used 181536K [0x00000000e0000000, 0x0000000100000000)
  region size 1024K, 153 young (156672K), 8 survivors (8192K)
 Metaspace       used 51452K, committed 53312K, reserved 393216K
  class space    used 7522K, committed 8448K, reserved 327680K
}
Event: 8.151 GC heap after
{Heap after GC invocations=9 (full 0):
 garbage-first heap   total 262144K, used 39930K [0x00000000e0000000, 0x0000000100000000)
  region size 1024K, 16 young (16384K), 16 survivors (16384K)
 Metaspace       used 51452K, committed 53312K, reserved 393216K
  class space    used 7522K, committed 8448K, reserved 327680K
}
Event: 9.482 GC heap before
{Heap before GC invocations=9 (full 0):
 garbage-first heap   total 262144K, used 179194K [0x00000000e0000000, 0x0000000100000000)
  region size 1024K, 153 young (156672K), 16 survivors (16384K)
 Metaspace       used 57514K, committed 59392K, reserved 393216K
  class space    used 8482K, committed 9408K, reserved 327680K
}
Event: 9.500 GC heap after
{Heap after GC invocations=10 (full 0):
 garbage-first heap   total 262144K, used 54272K [0x00000000e0000000, 0x0000000100000000)
  region size 1024K, 20 young (20480K), 20 survivors (20480K)
 Metaspace       used 57514K, committed 59392K, reserved 393216K
  class space    used 8482K, committed 9408K, reserved 327680K
}
Event: 9.845 GC heap before
{Heap before GC invocations=10 (full 0):
 garbage-first heap   total 262144K, used 71680K [0x00000000e0000000, 0x0000000100000000)
  region size 1024K, 38 young (38912K), 20 survivors (20480K)
 Metaspace       used 59380K, committed 61248K, reserved 393216K
  class space    used 8850K, committed 9792K, reserved 327680K
}
Event: 9.856 GC heap after
{Heap after GC invocations=11 (full 0):
 garbage-first heap   total 262144K, used 59036K [0x00000000e0000000, 0x0000000100000000)
  region size 1024K, 4 young (4096K), 4 survivors (4096K)
 Metaspace       used 59380K, committed 61248K, reserved 393216K
  class space    used 8850K, committed 9792K, reserved 327680K
}

Dll operation events (15 events):
Event: 0.049 Loaded shared library C:\Program Files\Java\jdk-21\bin\java.dll
Event: 0.097 Loaded shared library C:\Program Files\Java\jdk-21\bin\jsvml.dll
Event: 0.133 Loaded shared library C:\Program Files\Java\jdk-21\bin\zip.dll
Event: 0.140 Loaded shared library C:\Program Files\Java\jdk-21\bin\instrument.dll
Event: 0.144 Loaded shared library C:\Program Files\Java\jdk-21\bin\net.dll
Event: 0.148 Loaded shared library C:\Program Files\Java\jdk-21\bin\nio.dll
Event: 0.154 Loaded shared library C:\Program Files\Java\jdk-21\bin\zip.dll
Event: 0.544 Loaded shared library C:\Program Files\Java\jdk-21\bin\jimage.dll
Event: 0.660 Loaded shared library C:\Program Files\Java\jdk-21\bin\verify.dll
Event: 0.944 Loaded shared library C:\Users\Wibowo\.gradle\native\c067742578af261105cb4f569cf0c3c89f3d7b1fecec35dd04571415982c5e48\windows-amd64\native-platform.dll
Event: 0.962 Loaded shared library C:\Users\Wibowo\.gradle\native\38dada09dfb8b06ba9b0570ebf7e218e3eb74d4ef43ca46872605cf95ebc2f47\windows-amd64\native-platform-file-events.dll
Event: 2.209 Loaded shared library C:\Program Files\Java\jdk-21\bin\management.dll
Event: 2.216 Loaded shared library C:\Program Files\Java\jdk-21\bin\management_ext.dll
Event: 2.719 Loaded shared library C:\Program Files\Java\jdk-21\bin\extnet.dll
Event: 2.877 Loaded shared library C:\Program Files\Java\jdk-21\bin\sunmscapi.dll

Deoptimization events (20 events):
Event: 39.639 Thread 0x00000296f3a635a0 Uncommon trap: trap_request=0xffffffde fr.pc=0x00000296cd4c8210 relative=0x0000000000000070
Event: 39.639 Thread 0x00000296f3a635a0 Uncommon trap: reason=class_check action=maybe_recompile pc=0x00000296cd4c8210 method=java.util.stream.StreamOpFlag.fromCharacteristics(Ljava/util/Spliterator;)I @ 14 c2
Event: 39.639 Thread 0x00000296f3a635a0 DEOPT PACKING pc=0x00000296cd4c8210 sp=0x0000009b9e8f9bc0
Event: 39.639 Thread 0x00000296f3a635a0 DEOPT UNPACKING pc=0x00000296ccf146a2 sp=0x0000009b9e8f9b58 mode 2
Event: 39.671 Thread 0x00000296f3a635a0 Uncommon trap: trap_request=0xffffff76 fr.pc=0x00000296cd95c378 relative=0x00000000000001d8
Event: 39.671 Thread 0x00000296f3a635a0 Uncommon trap: reason=predicate action=maybe_recompile pc=0x00000296cd95c378 method=java.util.LinkedHashMap.keysToArray([Ljava/lang/Object;Z)[Ljava/lang/Object; @ 53 c2
Event: 39.671 Thread 0x00000296f3a635a0 DEOPT PACKING pc=0x00000296cd95c378 sp=0x0000009b9e8f7250
Event: 39.671 Thread 0x00000296f3a635a0 DEOPT UNPACKING pc=0x00000296ccf146a2 sp=0x0000009b9e8f7200 mode 2
Event: 39.730 Thread 0x00000296f530f690 DEOPT PACKING pc=0x00000296c5e34c5e sp=0x0000009ba0afcc50
Event: 39.730 Thread 0x00000296f530f690 DEOPT UNPACKING pc=0x00000296ccf14e42 sp=0x0000009ba0afc1d0 mode 0
Event: 39.819 Thread 0x00000296f7dc7230 DEOPT PACKING pc=0x00000296c686f55d sp=0x0000009ba1bfcfa0
Event: 39.819 Thread 0x00000296f7dc7230 DEOPT UNPACKING pc=0x00000296ccf14e42 sp=0x0000009ba1bfc4c8 mode 0
Event: 39.871 Thread 0x00000296f7514570 DEOPT PACKING pc=0x00000296c5e34c5e sp=0x0000009ba32fce80
Event: 39.871 Thread 0x00000296f7514570 DEOPT UNPACKING pc=0x00000296ccf14e42 sp=0x0000009ba32fc400 mode 0
Event: 39.884 Thread 0x00000296f7dc57f0 DEOPT PACKING pc=0x00000296c686f61d sp=0x0000009ba1afc1a0
Event: 39.885 Thread 0x00000296f7dc57f0 DEOPT UNPACKING pc=0x00000296ccf14e42 sp=0x0000009ba1afb6c8 mode 0
Event: 39.898 Thread 0x00000296f7dcad40 DEOPT PACKING pc=0x00000296c686f61d sp=0x0000009ba21fc080
Event: 39.898 Thread 0x00000296f7dcad40 DEOPT UNPACKING pc=0x00000296ccf14e42 sp=0x0000009ba21fb5a8 mode 0
Event: 39.920 Thread 0x00000296f7dcad40 DEOPT PACKING pc=0x00000296c686f5c5 sp=0x0000009ba21f8fe0
Event: 39.920 Thread 0x00000296f7dcad40 DEOPT UNPACKING pc=0x00000296ccf14e42 sp=0x0000009ba21f8508 mode 0

Classes loaded (20 events):
Event: 11.555 Loading class jdk/internal/logger/LoggerFinderLoader$TemporaryLoggerFinder
Event: 11.555 Loading class jdk/internal/logger/LoggerFinderLoader$TemporaryLoggerFinder done
Event: 11.556 Loading class sun/util/logging/internal/LoggingProviderImpl$JULWrapper
Event: 11.557 Loading class sun/util/logging/PlatformLogger$ConfigurableBridge$LoggerConfiguration
Event: 11.557 Loading class sun/util/logging/PlatformLogger$ConfigurableBridge$LoggerConfiguration done
Event: 11.557 Loading class sun/util/logging/internal/LoggingProviderImpl$JULWrapper done
Event: 11.557 Loading class java/lang/System$Logger$Level
Event: 11.557 Loading class java/lang/System$Logger$Level done
Event: 12.832 Loading class java/util/concurrent/LinkedBlockingDeque$Itr
Event: 12.833 Loading class java/util/concurrent/LinkedBlockingDeque$AbstractItr
Event: 12.833 Loading class java/util/concurrent/LinkedBlockingDeque$AbstractItr done
Event: 12.833 Loading class java/util/concurrent/LinkedBlockingDeque$Itr done
Event: 22.434 Loading class java/util/concurrent/ConcurrentLinkedQueue$Itr
Event: 22.434 Loading class java/util/concurrent/ConcurrentLinkedQueue$Itr done
Event: 25.005 Loading class java/lang/foreign/MemorySegment
Event: 25.006 Loading class java/lang/foreign/MemorySegment done
Event: 25.011 Loading class jdk/internal/math/FormattedFPDecimal
Event: 25.012 Loading class jdk/internal/math/FormattedFPDecimal done
Event: 69.830 Loading class java/time/Instant$1
Event: 69.830 Loading class java/time/Instant$1 done

Classes unloaded (0 events):
No events

Classes redefined (0 events):
No events

Internal exceptions (20 events):
Event: 11.504 Thread 0x00000296f530b4f0 Exception <a 'java/lang/NoSuchMethodError'{0x00000000eaf36a00}: 'java.lang.Object java.lang.invoke.DirectMethodHandle$Holder.invokeSpecial(java.lang.Object, java.lang.Object, int, java.lang.Object, java.lang.Object, java.lang.Object, java.lang.Object)'> (0x00000000eaf36a00) 
thrown [s\open\src\hotspot\share\interpreter\linkResolver.cpp, line 773]
Event: 11.550 Thread 0x00000296f7526260 Exception <a 'java/lang/NoSuchMethodError'{0x00000000eae3ffb0}: 'void java.lang.invoke.DirectMethodHandle$Holder.invokeStatic(java.lang.Object, long)'> (0x00000000eae3ffb0) 
thrown [s\open\src\hotspot\share\interpreter\linkResolver.cpp, line 773]
Event: 11.550 Thread 0x00000296f7526260 Exception <a 'java/lang/NoSuchMethodError'{0x00000000eae44cf0}: 'java.lang.Object java.lang.invoke.DirectMethodHandle$Holder.newInvokeSpecial(java.lang.Object, long)'> (0x00000000eae44cf0) 
thrown [s\open\src\hotspot\share\interpreter\linkResolver.cpp, line 773]
Event: 11.552 Thread 0x00000296f7526260 Exception <a 'java/lang/NoSuchMethodError'{0x00000000eae4df68}: 'java.lang.Object java.lang.invoke.DirectMethodHandle$Holder.invokeStatic(java.lang.Object, long, java.lang.Object)'> (0x00000000eae4df68) 
thrown [s\open\src\hotspot\share\interpreter\linkResolver.cpp, line 773]
Event: 11.552 Thread 0x00000296f7526260 Exception <a 'java/lang/NoSuchMethodError'{0x00000000eae517c8}: 'java.lang.Object java.lang.invoke.DirectMethodHandle$Holder.invokeStaticInit(java.lang.Object, long, java.lang.Object)'> (0x00000000eae517c8) 
thrown [s\open\src\hotspot\share\interpreter\linkResolver.cpp, line 773]
Event: 22.442 Thread 0x00000296f3a635a0 Exception <a 'java/lang/NoSuchMethodError'{0x00000000eac3cb90}: 'void java.lang.invoke.DirectMethodHandle$Holder.invokeInterface(java.lang.Object, java.lang.Object, java.lang.Object, int)'> (0x00000000eac3cb90) 
thrown [s\open\src\hotspot\share\interpreter\linkResolver.cpp, line 773]
Event: 22.442 Thread 0x00000296f3a635a0 Exception <a 'java/lang/IncompatibleClassChangeError'{0x00000000eac40898}: Found class java.lang.Object, but interface was expected> (0x00000000eac40898) 
thrown [s\open\src\hotspot\share\interpreter\linkResolver.cpp, line 840]
Event: 22.443 Thread 0x00000296f3a635a0 Exception <a 'java/lang/NoSuchMethodError'{0x00000000eac44ec0}: 'void java.lang.invoke.DelegatingMethodHandle$Holder.reinvoke_L(java.lang.Object, java.lang.Object, java.lang.Object, int)'> (0x00000000eac44ec0) 
thrown [s\open\src\hotspot\share\interpreter\linkResolver.cpp, line 773]
Event: 22.465 Thread 0x00000296f3a635a0 Exception <a 'java/lang/IncompatibleClassChangeError'{0x00000000eacc79f0}: Found class java.lang.Object, but interface was expected> (0x00000000eacc79f0) 
thrown [s\open\src\hotspot\share\interpreter\linkResolver.cpp, line 840]
Event: 22.485 Thread 0x00000296f3a635a0 Exception <a 'java/lang/IncompatibleClassChangeError'{0x00000000eacedc00}: Found class java.lang.Object, but interface was expected> (0x00000000eacedc00) 
thrown [s\open\src\hotspot\share\interpreter\linkResolver.cpp, line 840]
Event: 22.828 Thread 0x00000296f3606f90 Implicit null exception at 0x00000296cd4a96a0 to 0x00000296cd4a9c3c
Event: 22.828 Thread 0x00000296f3606f90 Implicit null exception at 0x00000296cd4a5f20 to 0x00000296cd4a64b0
Event: 25.072 Thread 0x00000296f3a635a0 Exception <a 'sun/nio/fs/WindowsException'{0x00000000ea4a5548}> (0x00000000ea4a5548) 
thrown [s\open\src\hotspot\share\prims\jni.cpp, line 520]
Event: 25.072 Thread 0x00000296f3a635a0 Exception <a 'sun/nio/fs/WindowsException'{0x00000000ea301610}> (0x00000000ea301610) 
thrown [s\open\src\hotspot\share\prims\jni.cpp, line 520]
Event: 25.073 Thread 0x00000296f3a635a0 Exception <a 'sun/nio/fs/WindowsException'{0x00000000ea302ae0}> (0x00000000ea302ae0) 
thrown [s\open\src\hotspot\share\prims\jni.cpp, line 520]
Event: 25.073 Thread 0x00000296f3a635a0 Exception <a 'sun/nio/fs/WindowsException'{0x00000000ea303fa0}> (0x00000000ea303fa0) 
thrown [s\open\src\hotspot\share\prims\jni.cpp, line 520]
Event: 39.640 Thread 0x00000296f3a635a0 Exception <a 'sun/nio/fs/WindowsException'{0x00000000e934b7d8}> (0x00000000e934b7d8) 
thrown [s\open\src\hotspot\share\prims\jni.cpp, line 520]
Event: 39.640 Thread 0x00000296f3a635a0 Exception <a 'sun/nio/fs/WindowsException'{0x00000000e934ccb8}> (0x00000000e934ccb8) 
thrown [s\open\src\hotspot\share\prims\jni.cpp, line 520]
Event: 39.641 Thread 0x00000296f3a635a0 Exception <a 'sun/nio/fs/WindowsException'{0x00000000e934e188}> (0x00000000e934e188) 
thrown [s\open\src\hotspot\share\prims\jni.cpp, line 520]
Event: 39.641 Thread 0x00000296f3a635a0 Exception <a 'sun/nio/fs/WindowsException'{0x00000000e934f648}> (0x00000000e934f648) 
thrown [s\open\src\hotspot\share\prims\jni.cpp, line 520]

ZGC Phase Switch (0 events):
No events

VM Operations (20 events):
Event: 60.142 Executing VM operation: RendezvousGCThreads
Event: 60.142 Executing VM operation: RendezvousGCThreads done
Event: 61.148 Executing VM operation: Cleanup
Event: 61.148 Executing VM operation: Cleanup done
Event: 70.215 Executing VM operation: Cleanup
Event: 70.215 Executing VM operation: Cleanup done
Event: 90.364 Executing VM operation: Cleanup
Event: 90.364 Executing VM operation: Cleanup done
Event: 130.647 Executing VM operation: Cleanup
Event: 130.647 Executing VM operation: Cleanup done
Event: 180.987 Executing VM operation: Cleanup
Event: 180.987 Executing VM operation: Cleanup done
Event: 187.027 Executing VM operation: Cleanup
Event: 187.027 Executing VM operation: Cleanup done
Event: 233.363 Executing VM operation: Cleanup
Event: 233.363 Executing VM operation: Cleanup done
Event: 297.815 Executing VM operation: Cleanup
Event: 297.815 Executing VM operation: Cleanup done
Event: 317.977 Executing VM operation: Cleanup
Event: 317.977 Executing VM operation: Cleanup done

Events (20 events):
Event: 39.818 Thread 0x00000296f7dcb3d0 Thread added: 0x00000296f7dcb3d0
Event: 39.818 Thread 0x00000296f75110f0 Thread added: 0x00000296f75110f0
Event: 39.818 Thread 0x00000296f7515290 Thread added: 0x00000296f7515290
Event: 39.818 Thread 0x00000296f7515920 Thread added: 0x00000296f7515920
Event: 39.821 Thread 0x00000296f7511780 Thread added: 0x00000296f7511780
Event: 39.865 Thread 0x00000296f7515fb0 Thread added: 0x00000296f7515fb0
Event: 39.865 Thread 0x00000296f75124a0 Thread added: 0x00000296f75124a0
Event: 39.865 Thread 0x00000296f750f020 Thread added: 0x00000296f750f020
Event: 39.865 Thread 0x00000296f7512b30 Thread added: 0x00000296f7512b30
Event: 39.866 Thread 0x00000296f75131c0 Thread added: 0x00000296f75131c0
Event: 39.866 Thread 0x00000296f7513850 Thread added: 0x00000296f7513850
Event: 39.866 Thread 0x00000296f75103d0 Thread added: 0x00000296f75103d0
Event: 39.866 Thread 0x00000296f7516640 Thread added: 0x00000296f7516640
Event: 39.866 Thread 0x00000296f7513ee0 Thread added: 0x00000296f7513ee0
Event: 39.867 Thread 0x00000296f750f6b0 Thread added: 0x00000296f750f6b0
Event: 39.867 Thread 0x00000296f7514570 Thread added: 0x00000296f7514570
Event: 39.932 Thread 0x00000296f7514c00 Thread added: 0x00000296f7514c00
Event: 40.266 Thread 0x00000296f9eab900 Thread exited: 0x00000296f9eab900
Event: 82.451 Thread 0x00000296f530b4f0 Thread exited: 0x00000296f530b4f0
Event: 98.471 Thread 0x00000296f7dc8c70 Thread exited: 0x00000296f7dc8c70


Dynamic libraries:
0x00007ff663220000 - 0x00007ff663230000 	C:\Program Files\Java\jdk-21\bin\java.exe
0x00007ff972370000 - 0x00007ff972587000 	C:\WINDOWS\SYSTEM32\ntdll.dll
0x00007ff970db0000 - 0x00007ff970e74000 	C:\WINDOWS\System32\KERNEL32.DLL
0x00007ff96f920000 - 0x00007ff96fcc7000 	C:\WINDOWS\System32\KERNELBASE.dll
0x00007ff96c490000 - 0x00007ff96c527000 	C:\WINDOWS\SYSTEM32\apphelp.dll
0x00007ff96f800000 - 0x00007ff96f911000 	C:\WINDOWS\System32\ucrtbase.dll
0x00007ff96a7d0000 - 0x00007ff96a7eb000 	C:\Program Files\Java\jdk-21\bin\VCRUNTIME140.dll
0x00007ff94bd60000 - 0x00007ff94bd79000 	C:\Program Files\Java\jdk-21\bin\jli.dll
0x00007ff970ac0000 - 0x00007ff970b72000 	C:\WINDOWS\System32\ADVAPI32.dll
0x00007ff971080000 - 0x00007ff971127000 	C:\WINDOWS\System32\msvcrt.dll
0x00007ff9708e0000 - 0x00007ff970988000 	C:\WINDOWS\System32\sechost.dll
0x00007ff970000000 - 0x00007ff970028000 	C:\WINDOWS\System32\bcrypt.dll
0x00007ff970b90000 - 0x00007ff970ca5000 	C:\WINDOWS\System32\RPCRT4.dll
0x00007ff971eb0000 - 0x00007ff97205e000 	C:\WINDOWS\System32\USER32.dll
0x00007ff96fe30000 - 0x00007ff96fe56000 	C:\WINDOWS\System32\win32u.dll
0x00007ff970650000 - 0x00007ff970679000 	C:\WINDOWS\System32\GDI32.dll
0x00007ff96fee0000 - 0x00007ff96fff9000 	C:\WINDOWS\System32\gdi32full.dll
0x00007ff96fd90000 - 0x00007ff96fe2a000 	C:\WINDOWS\System32\msvcp_win.dll
0x00007ff966380000 - 0x00007ff96638a000 	C:\WINDOWS\SYSTEM32\VERSION.dll
0x00007ff950f50000 - 0x00007ff9511e3000 	C:\WINDOWS\WinSxS\amd64_microsoft.windows.common-controls_6595b64144ccf1df_6.0.22621.3527_none_270e469b73872a76\COMCTL32.dll
0x00007ff9721c0000 - 0x00007ff9721f1000 	C:\WINDOWS\System32\IMM32.DLL
0x00007ff96c0a0000 - 0x00007ff96c0ac000 	C:\Program Files\Java\jdk-21\bin\vcruntime140_1.dll
0x00007ff947af0000 - 0x00007ff947b7e000 	C:\Program Files\Java\jdk-21\bin\msvcp140.dll
0x00007ff925e30000 - 0x00007ff926b47000 	C:\Program Files\Java\jdk-21\bin\server\jvm.dll
0x00007ff9715d0000 - 0x00007ff971641000 	C:\WINDOWS\System32\WS2_32.dll
0x00007ff96f3a0000 - 0x00007ff96f3ed000 	C:\WINDOWS\SYSTEM32\POWRPROF.dll
0x00007ff966730000 - 0x00007ff966764000 	C:\WINDOWS\SYSTEM32\WINMM.dll
0x00007ff96f350000 - 0x00007ff96f363000 	C:\WINDOWS\SYSTEM32\UMPDC.dll
0x00007ff96e680000 - 0x00007ff96e698000 	C:\WINDOWS\SYSTEM32\kernel.appcore.dll
0x00007ff966b30000 - 0x00007ff966b3a000 	C:\Program Files\Java\jdk-21\bin\jimage.dll
0x00007ff96cdb0000 - 0x00007ff96cfe3000 	C:\WINDOWS\SYSTEM32\DBGHELP.DLL
0x00007ff9700a0000 - 0x00007ff970428000 	C:\WINDOWS\System32\combase.dll
0x00007ff9709e0000 - 0x00007ff970ab7000 	C:\WINDOWS\System32\OLEAUT32.dll
0x00007ff95cb90000 - 0x00007ff95cbc2000 	C:\WINDOWS\SYSTEM32\dbgcore.DLL
0x00007ff96fe60000 - 0x00007ff96fed9000 	C:\WINDOWS\System32\bcryptPrimitives.dll
0x00007ff967f50000 - 0x00007ff967f5f000 	C:\Program Files\Java\jdk-21\bin\instrument.dll
0x00007ff96a710000 - 0x00007ff96a72f000 	C:\Program Files\Java\jdk-21\bin\java.dll
0x00007ff971650000 - 0x00007ff971eac000 	C:\WINDOWS\System32\SHELL32.dll
0x00007ff96d580000 - 0x00007ff96de76000 	C:\WINDOWS\SYSTEM32\windows.storage.dll
0x00007ff96d440000 - 0x00007ff96d57e000 	C:\WINDOWS\SYSTEM32\wintypes.dll
0x00007ff9720c0000 - 0x00007ff9721b5000 	C:\WINDOWS\System32\SHCORE.dll
0x00007ff972060000 - 0x00007ff9720be000 	C:\WINDOWS\System32\shlwapi.dll
0x00007ff96f5c0000 - 0x00007ff96f5e1000 	C:\WINDOWS\SYSTEM32\profapi.dll
0x00007ff947b80000 - 0x00007ff947c57000 	C:\Program Files\Java\jdk-21\bin\jsvml.dll
0x00007ff956110000 - 0x00007ff956128000 	C:\Program Files\Java\jdk-21\bin\zip.dll
0x00007ff95f800000 - 0x00007ff95f810000 	C:\Program Files\Java\jdk-21\bin\net.dll
0x00007ff968f80000 - 0x00007ff9690b6000 	C:\WINDOWS\SYSTEM32\WINHTTP.dll
0x00007ff96eb00000 - 0x00007ff96eb69000 	C:\WINDOWS\system32\mswsock.dll
0x00007ff9579d0000 - 0x00007ff9579e6000 	C:\Program Files\Java\jdk-21\bin\nio.dll
0x00007ff95f7b0000 - 0x00007ff95f7c0000 	C:\Program Files\Java\jdk-21\bin\verify.dll
0x00007ff94d9f0000 - 0x00007ff94da17000 	C:\Users\Wibowo\.gradle\native\c067742578af261105cb4f569cf0c3c89f3d7b1fecec35dd04571415982c5e48\windows-amd64\native-platform.dll
0x00007ff9327a0000 - 0x00007ff9328e4000 	C:\Users\Wibowo\.gradle\native\38dada09dfb8b06ba9b0570ebf7e218e3eb74d4ef43ca46872605cf95ebc2f47\windows-amd64\native-platform-file-events.dll
0x00007ff959450000 - 0x00007ff95945a000 	C:\Program Files\Java\jdk-21\bin\management.dll
0x00007ff959280000 - 0x00007ff95928b000 	C:\Program Files\Java\jdk-21\bin\management_ext.dll
0x00007ff970cb0000 - 0x00007ff970cb8000 	C:\WINDOWS\System32\PSAPI.DLL
0x00007ff96ed80000 - 0x00007ff96ed9b000 	C:\WINDOWS\SYSTEM32\CRYPTSP.dll
0x00007ff96e5e0000 - 0x00007ff96e615000 	C:\WINDOWS\system32\rsaenh.dll
0x00007ff96ec20000 - 0x00007ff96ec48000 	C:\WINDOWS\SYSTEM32\USERENV.dll
0x00007ff96eda0000 - 0x00007ff96edac000 	C:\WINDOWS\SYSTEM32\CRYPTBASE.dll
0x00007ff96e120000 - 0x00007ff96e14d000 	C:\WINDOWS\SYSTEM32\IPHLPAPI.DLL
0x00007ff970ea0000 - 0x00007ff970ea9000 	C:\WINDOWS\System32\NSI.dll
0x00007ff959920000 - 0x00007ff959929000 	C:\Program Files\Java\jdk-21\bin\extnet.dll
0x00007ff94d7d0000 - 0x00007ff94d7de000 	C:\Program Files\Java\jdk-21\bin\sunmscapi.dll
0x00007ff96f690000 - 0x00007ff96f7f7000 	C:\WINDOWS\System32\CRYPT32.dll
0x00007ff96efb0000 - 0x00007ff96efde000 	C:\WINDOWS\SYSTEM32\ncrypt.dll
0x00007ff96ef70000 - 0x00007ff96efa7000 	C:\WINDOWS\SYSTEM32\NTASN1.dll
0x00007ff94d720000 - 0x00007ff94d728000 	C:\WINDOWS\system32\wshunix.dll

dbghelp: loaded successfully - version: 4.0.5 - missing functions: none
symbol engine: initialized successfully - sym options: 0x614 - pdb path: .;C:\Program Files\Java\jdk-21\bin;C:\WINDOWS\SYSTEM32;C:\WINDOWS\WinSxS\amd64_microsoft.windows.common-controls_6595b64144ccf1df_6.0.22621.3527_none_270e469b73872a76;C:\Program Files\Java\jdk-21\bin\server;C:\Users\Wibowo\.gradle\native\c067742578af261105cb4f569cf0c3c89f3d7b1fecec35dd04571415982c5e48\windows-amd64;C:\Users\Wibowo\.gradle\native\38dada09dfb8b06ba9b0570ebf7e218e3eb74d4ef43ca46872605cf95ebc2f47\windows-amd64

VM Arguments:
jvm_args: --add-opens=java.base/java.util=ALL-UNNAMED --add-opens=java.base/java.lang=ALL-UNNAMED --add-opens=java.base/java.lang.invoke=ALL-UNNAMED --add-opens=java.prefs/java.util.prefs=ALL-UNNAMED --add-opens=java.base/java.nio.charset=ALL-UNNAMED --add-opens=java.base/java.net=ALL-UNNAMED --add-opens=java.base/java.util.concurrent.atomic=ALL-UNNAMED -XX:MaxMetaspaceSize=384m -XX:+HeapDumpOnOutOfMemoryError -Xms256m -Xmx512m -Dfile.encoding=windows-1252 -Duser.country=ID -Duser.language=en -Duser.variant -javaagent:C:\Users\Wibowo\.gradle\wrapper\dists\gradle-8.5-bin\5t9huq95ubn472n8rpzujfbqh\gradle-8.5\lib\agents\gradle-instrumentation-agent-8.5.jar 
java_command: org.gradle.launcher.daemon.bootstrap.GradleDaemon 8.5
java_class_path (initial): C:\Users\Wibowo\.gradle\wrapper\dists\gradle-8.5-bin\5t9huq95ubn472n8rpzujfbqh\gradle-8.5\lib\gradle-launcher-8.5.jar
Launcher Type: SUN_STANDARD

[Global flags]
     intx CICompilerCount                          = 4                                         {product} {ergonomic}
   size_t CompressedClassSpaceSize                 = 335544320                                 {product} {ergonomic}
     uint ConcGCThreads                            = 3                                         {product} {ergonomic}
     uint G1ConcRefinementThreads                  = 10                                        {product} {ergonomic}
   size_t G1HeapRegionSize                         = 1048576                                   {product} {ergonomic}
    uintx GCDrainStackTargetSize                   = 64                                        {product} {ergonomic}
     bool HeapDumpOnOutOfMemoryError               = true                                   {manageable} {command line}
   size_t InitialHeapSize                          = 268435456                                 {product} {command line}
   size_t MarkStackSize                            = 4194304                                   {product} {ergonomic}
   size_t MaxHeapSize                              = 536870912                                 {product} {command line}
   size_t MaxMetaspaceSize                         = 402653184                                 {product} {command line}
   size_t MaxNewSize                               = 321912832                                 {product} {ergonomic}
   size_t MinHeapDeltaBytes                        = 1048576                                   {product} {ergonomic}
   size_t MinHeapSize                              = 268435456                                 {product} {command line}
    uintx NonNMethodCodeHeapSize                   = 5839372                                {pd product} {ergonomic}
    uintx NonProfiledCodeHeapSize                  = 122909434                              {pd product} {ergonomic}
    uintx ProfiledCodeHeapSize                     = 122909434                              {pd product} {ergonomic}
    uintx ReservedCodeCacheSize                    = 251658240                              {pd product} {ergonomic}
     bool SegmentedCodeCache                       = true                                      {product} {ergonomic}
   size_t SoftMaxHeapSize                          = 536870912                              {manageable} {ergonomic}
     bool UseCompressedOops                        = true                           {product lp64_product} {ergonomic}
     bool UseG1GC                                  = true                                      {product} {ergonomic}
     bool UseLargePagesIndividualAllocation        = false                                  {pd product} {ergonomic}

Logging:
Log output configuration:
 #0: stdout all=warning uptime,level,tags foldmultilines=false
 #1: stderr all=off uptime,level,tags foldmultilines=false

Environment Variables:
JAVA_HOME=C:\Program Files\Java\jdk-21
PATH=C:\Program Files\Common Files\Oracle\Java\javapath;C:\Python312\Scripts\;C:\Python312\;C:\WINDOWS\system32;C:\WINDOWS;C:\WINDOWS\System32\Wbem;C:\WINDOWS\System32\WindowsPowerShell\v1.0\;C:\WINDOWS\System32\OpenSSH\;C:\Program Files\CodeBlocks\MinGW\bin;C:\Program Files\Git\cmd;C:\xampp\php;C:\ProgramData\ComposerSetup\bin;C:\Program Files\nodejs\;C:\ProgramData\chocolatey\bin;C:\Program Files\PuTTY\;C:\Program Files\Java\jdk-21\bin;C:\Users\Wibowo\AppData\Local\Programs\Python\Python311\Scripts\;C:\Users\Wibowo\AppData\Local\Programs\Python\Python311\;C:\Users\Wibowo\AppData\Local\Microsoft\WindowsApps;C:\Users\Wibowo\AppData\Local\Programs\Microsoft VS Code\bin;C:\Users\Wibowo\AppData\Roaming\Composer\vendor\bin;C:\Users\Wibowo\OneDrive\Dokumen\Flutter\bin;C:\Program Files\7-Zip;C:\Users\Wibowo\AppData\Roaming\npm;
USERNAME=Wibowo
OS=Windows_NT
PROCESSOR_IDENTIFIER=AMD64 Family 23 Model 104 Stepping 1, AuthenticAMD
TMP=C:\Users\Wibowo\AppData\Local\Temp
TEMP=C:\Users\Wibowo\AppData\Local\Temp




Periodic native trim disabled

---------------  S Y S T E M  ---------------

OS:
 Windows 11 , 64 bit Build 22621 (10.0.22621.3527)
OS uptime: 2 days 7:32 hours
Hyper-V role detected

CPU: total 12 (initial active 12) (12 cores per cpu, 2 threads per core) family 23 model 104 stepping 1 microcode 0x0, cx8, cmov, fxsr, ht, mmx, 3dnowpref, sse, sse2, sse3, ssse3, sse4a, sse4.1, sse4.2, popcnt, lzcnt, tsc, tscinvbit, avx, avx2, aes, clmul, bmi1, bmi2, adx, sha, fma, vzeroupper, clflush, clflushopt, hv, rdtscp, rdpid, f16c
Processor Information for all 12 processors :
  Max Mhz: 2100, Current Mhz: 2100, Mhz Limit: 2100

Memory: 4k page, system-wide physical 6005M (18M free)
TotalPageFile size 24437M (AvailPageFile size 0M)
current process WorkingSet (physical memory assigned to process): 50M, peak: 482M
current process commit charge ("private bytes"): 507M, peak: 550M

vm_info: Java HotSpot(TM) 64-Bit Server VM (21.0.2+13-LTS-58) for windows-amd64 JRE (21.0.2+13-LTS-58), built on 2024-01-05T18:32:24Z by "mach5one" with MS VC++ 17.1 (VS2022)

END.
